INFO 2024-03-31 10:25:46,928 Watching for file changes with StatReloader
INFO 2024-03-31 10:25:48,414 "GET / HTTP/1.1" 302 0
INFO 2024-03-31 10:25:48,496 "GET /accounts/login/?next=/ HTTP/1.1" 200 3981
INFO 2024-03-31 10:25:53,252 "POST /accounts/login/ HTTP/1.1" 302 0
INFO 2024-03-31 10:25:53,273 "GET / HTTP/1.1" 200 5885
INFO 2024-03-31 10:25:56,341 "GET /student/list HTTP/1.1" 200 6485
INFO 2024-03-31 10:25:58,337 "GET / HTTP/1.1" 200 5885
INFO 2024-03-31 10:25:59,123 "GET / HTTP/1.1" 200 5885
INFO 2024-03-31 10:26:00,741 "GET /student/list HTTP/1.1" 200 6485
INFO 2024-03-31 10:26:06,381 "GET / HTTP/1.1" 200 5885
INFO 2024-03-31 10:26:08,707 "GET /student/list HTTP/1.1" 200 6485
INFO 2024-03-31 10:26:09,824 "GET /student/create/ HTTP/1.1" 200 10207
INFO 2024-03-31 10:26:18,168 "GET /student/create/ HTTP/1.1" 200 13612
INFO 2024-03-31 10:26:20,012 "GET /session/list/ HTTP/1.1" 200 11598
INFO 2024-03-31 10:26:27,312 "POST /session/create/ HTTP/1.1" 302 0
INFO 2024-03-31 10:26:27,344 "GET /session/list/ HTTP/1.1" 200 12072
INFO 2024-03-31 10:26:32,068 "GET /session/1/delete/ HTTP/1.1" 200 9982
INFO 2024-03-31 10:26:33,578 "POST /session/1/delete/ HTTP/1.1" 302 0
INFO 2024-03-31 10:26:33,602 "GET /session/list/ HTTP/1.1" 200 11584
INFO 2024-03-31 10:26:35,919 "GET /session/2/update/ HTTP/1.1" 200 10163
INFO 2024-03-31 10:26:44,125 "POST /session/2/update/ HTTP/1.1" 302 0
INFO 2024-03-31 10:26:44,160 "GET /session/list/ HTTP/1.1" 200 11738
INFO 2024-03-31 10:26:45,426 "GET /current-session/ HTTP/1.1" 200 10514
INFO 2024-03-31 10:26:47,810 "GET /term/list/ HTTP/1.1" 200 12229
INFO 2024-03-31 10:26:51,056 "GET /term/1/delete/ HTTP/1.1" 200 9985
INFO 2024-03-31 10:26:54,306 "GET /term/list/ HTTP/1.1" 200 12229
INFO 2024-03-31 10:26:56,630 "GET /term/2/update/ HTTP/1.1" 200 10147
INFO 2024-03-31 10:27:00,498 "POST /term/2/update/ HTTP/1.1" 302 0
INFO 2024-03-31 10:27:00,528 "GET /term/list/ HTTP/1.1" 200 12370
INFO 2024-03-31 10:27:02,556 "GET /term/1/delete/ HTTP/1.1" 200 9985
INFO 2024-03-31 10:27:03,785 "POST /term/1/delete/ HTTP/1.1" 302 0
INFO 2024-03-31 10:27:03,809 "GET /term/list/ HTTP/1.1" 200 11893
INFO 2024-03-31 10:27:05,939 "GET /term/3/delete/ HTTP/1.1" 200 9985
INFO 2024-03-31 10:27:06,953 "POST /term/3/delete/ HTTP/1.1" 302 0
INFO 2024-03-31 10:27:06,977 "GET /term/list/ HTTP/1.1" 200 11557
INFO 2024-03-31 10:27:09,800 "GET /term/2/update/ HTTP/1.1" 200 10155
INFO 2024-03-31 10:27:15,271 "POST /term/2/update/ HTTP/1.1" 302 0
INFO 2024-03-31 10:27:15,295 "GET /term/list/ HTTP/1.1" 200 11688
INFO 2024-03-31 10:27:17,367 "GET /current-session/ HTTP/1.1" 200 10426
INFO 2024-03-31 10:27:21,583 "GET /session/list/ HTTP/1.1" 200 11589
INFO 2024-03-31 10:27:23,281 "GET /session/2/update/ HTTP/1.1" 200 10168
INFO 2024-03-31 10:27:26,317 "POST /session/2/update/ HTTP/1.1" 302 0
INFO 2024-03-31 10:27:26,352 "GET /session/list/ HTTP/1.1" 200 11727
INFO 2024-03-31 10:27:34,520 "GET /session/list/ HTTP/1.1" 200 11583
INFO 2024-03-31 10:27:36,232 "GET /subject/list/ HTTP/1.1" 200 11387
INFO 2024-03-31 10:42:15,183 "GET /student/list HTTP/1.1" 200 9936
INFO 2024-03-31 10:42:16,394 "GET /staff/list/ HTTP/1.1" 200 9677
INFO 2024-03-31 10:42:17,417 "GET /finance/list/ HTTP/1.1" 200 9915
INFO 2024-03-31 10:42:18,356 "GET /result/create/ HTTP/1.1" 200 10376
INFO 2024-03-31 10:42:19,074 "GET /result/edit-results/ HTTP/1.1" 200 10094
INFO 2024-03-31 10:42:19,828 "GET /result/view/all HTTP/1.1" 200 8824
INFO 2024-03-31 10:42:21,813 "GET /result/view/all HTTP/1.1" 200 8824
INFO 2024-03-31 10:42:23,047 "GET /result/view/all HTTP/1.1" 200 8824
INFO 2024-03-31 10:42:31,248 "GET /result/create/ HTTP/1.1" 200 10376
INFO 2024-03-31 10:42:33,681 "GET /student/list HTTP/1.1" 200 9936
INFO 2024-03-31 10:42:34,715 "GET /staff/list/ HTTP/1.1" 200 9677
INFO 2024-03-31 10:42:36,079 "GET /finance/list/ HTTP/1.1" 200 9915
INFO 2024-03-31 10:42:37,839 "GET /result/view/all HTTP/1.1" 200 8824
INFO 2024-03-31 10:42:38,534 "GET /result/edit-results/ HTTP/1.1" 200 10094
INFO 2024-03-31 10:42:39,180 "GET /result/create/ HTTP/1.1" 200 10376
INFO 2024-03-31 10:43:40,880 "GET /staff/list/ HTTP/1.1" 200 9677
INFO 2024-03-31 10:43:43,384 "GET /student/list HTTP/1.1" 200 9936
INFO 2024-03-31 10:43:44,271 "GET /staff/list/ HTTP/1.1" 200 9677
INFO 2024-03-31 10:43:45,155 "GET /student/list HTTP/1.1" 200 9936
INFO 2024-03-31 10:43:48,511 "GET /staff/list/ HTTP/1.1" 200 9677
INFO 2024-03-31 10:43:49,514 "GET /student/list HTTP/1.1" 200 9936
INFO 2024-03-31 10:43:51,543 "GET /staff/list/ HTTP/1.1" 200 9677
INFO 2024-03-31 10:43:55,801 "GET /student/list HTTP/1.1" 200 9936
INFO 2024-03-31 10:43:59,110 "GET /subject/list/ HTTP/1.1" 200 11387
INFO 2024-03-31 10:46:33,980 "GET /staff/list/ HTTP/1.1" 200 9677
INFO 2024-03-31 10:46:35,753 "GET /student/list HTTP/1.1" 200 9936
INFO 2024-03-31 10:46:37,929 "GET /student/list HTTP/1.1" 200 9936
INFO 2024-03-31 10:51:14,765 Watching for file changes with StatReloader
INFO 2024-03-31 10:51:16,649 "GET /subject/list/ HTTP/1.1" 200 11387
INFO 2024-03-31 10:51:21,208 "GET /static/dist/js/adminlte.js.map HTTP/1.1" 200 113276
INFO 2024-03-31 10:51:21,216 "GET /static/plugins/bootstrap/js/bootstrap.bundle.min.js.map HTTP/1.1" 200 318045
INFO 2024-03-31 10:51:21,237 "GET /static/plugins/toastr/toastr.js.map HTTP/1.1" 200 25633
WARNING 2024-03-31 10:51:21,241 "GET /static/plugins/Datatables/pdfmake.min.js.map HTTP/1.1" 404 1870
INFO 2024-03-31 10:51:21,276 "GET /static/dist/css/adminlte.min.css.map HTTP/1.1" 200 2149167
INFO 2024-03-31 10:56:12,132 /Users/arnavgupta/Desktop/itl/Django-School-Management-System-master/apps/corecode/views.py changed, reloading.
INFO 2024-03-31 10:56:13,273 Watching for file changes with StatReloader
INFO 2024-03-31 10:58:41,607 Watching for file changes with StatReloader
INFO 2024-03-31 10:58:42,584 "GET /subject/list/ HTTP/1.1" 200 11387
INFO 2024-03-31 11:01:25,787 "GET /subject/list/ HTTP/1.1" 200 11393
INFO 2024-03-31 11:01:30,880 "GET /finance/list/ HTTP/1.1" 200 9921
INFO 2024-03-31 11:04:41,642 "GET /finance/list/ HTTP/1.1" 200 9921
INFO 2024-03-31 11:04:42,920 "GET /subject/list/ HTTP/1.1" 200 11393
INFO 2024-03-31 11:05:18,136 "GET /subject/list/ HTTP/1.1" 200 11392
INFO 2024-03-31 11:05:20,110 "GET /finance/list/ HTTP/1.1" 200 9920
INFO 2024-03-31 11:05:26,195 "GET /subject/list/ HTTP/1.1" 200 11392
INFO 2024-03-31 11:05:29,277 "GET /student/list HTTP/1.1" 200 9941
INFO 2024-03-31 11:05:32,184 "GET /subject/list/ HTTP/1.1" 200 11392
INFO 2024-03-31 11:13:59,790 "GET /subject/list/ HTTP/1.1" 200 10748
INFO 2024-03-31 11:14:07,571 "GET /finance/list/ HTTP/1.1" 200 9276
INFO 2024-03-31 11:14:08,594 "GET /class/list/ HTTP/1.1" 200 10761
INFO 2024-03-31 11:14:27,282 "GET /class/list/ HTTP/1.1" 200 11405
INFO 2024-03-31 11:14:47,288 "GET /class/list/ HTTP/1.1" 200 10822
INFO 2024-03-31 11:14:51,747 "GET /site-config HTTP/1.1" 200 10274
INFO 2024-03-31 11:14:55,492 "GET /result/view/all HTTP/1.1" 200 8246
INFO 2024-03-31 11:14:56,544 "GET /result/create/ HTTP/1.1" 200 9798
INFO 2024-03-31 11:14:57,678 "GET /subject/list/ HTTP/1.1" 200 10809
INFO 2024-03-31 11:21:13,099 "GET /student/list HTTP/1.1" 200 9358
INFO 2024-03-31 11:22:02,459 "GET /student/create/ HTTP/1.1" 200 13024
INFO 2024-03-31 11:22:07,573 "GET /subject/list/ HTTP/1.1" 200 10809
INFO 2024-03-31 11:22:30,808 "GET /staff/list/ HTTP/1.1" 200 9099
INFO 2024-03-31 11:22:32,306 "GET /staff/create/ HTTP/1.1" 200 12008
INFO 2024-03-31 11:22:35,938 "GET /subject/list/ HTTP/1.1" 200 10809
INFO 2024-03-31 11:22:43,498 "GET /staff/list/ HTTP/1.1" 200 9099
INFO 2024-03-31 11:22:49,001 "GET /subject/list/ HTTP/1.1" 200 10809
INFO 2024-03-31 11:23:30,719 /Users/arnavgupta/Desktop/itl/Django-School-Management-System-master/apps/corecode/models.py changed, reloading.
INFO 2024-03-31 11:23:31,813 Watching for file changes with StatReloader
INFO 2024-03-31 11:24:52,044 /Users/arnavgupta/Desktop/itl/Django-School-Management-System-master/apps/corecode/models.py changed, reloading.
INFO 2024-03-31 11:24:53,121 Watching for file changes with StatReloader
INFO 2024-03-31 11:25:02,700 /Users/arnavgupta/Desktop/itl/Django-School-Management-System-master/apps/corecode/models.py changed, reloading.
INFO 2024-03-31 11:25:03,565 Watching for file changes with StatReloader
INFO 2024-03-31 11:27:38,363 /Users/arnavgupta/Desktop/itl/Django-School-Management-System-master/apps/corecode/models.py changed, reloading.
INFO 2024-03-31 11:27:39,347 Watching for file changes with StatReloader
INFO 2024-03-31 11:28:14,848 "GET /staff/list/ HTTP/1.1" 200 9099
INFO 2024-03-31 11:28:16,384 "GET /staff/create/ HTTP/1.1" 200 12008
INFO 2024-03-31 11:28:21,030 "POST /staff/create/ HTTP/1.1" 302 0
INFO 2024-03-31 11:28:21,064 "GET /staff/1/ HTTP/1.1" 200 10267
INFO 2024-03-31 11:28:22,902 "GET /staff/1/delete/ HTTP/1.1" 200 8997
INFO 2024-03-31 11:28:26,130 "GET /staff/list/ HTTP/1.1" 200 9300
ERROR 2024-03-31 11:28:30,027 Internal Server Error: /subject/list/
Traceback (most recent call last):
  File "/Users/arnavgupta/Desktop/itl/Django-School-Management-System-master/my-env/lib/python3.9/site-packages/django/db/backends/utils.py", line 89, in _execute
    return self.cursor.execute(sql, params)
  File "/Users/arnavgupta/Desktop/itl/Django-School-Management-System-master/my-env/lib/python3.9/site-packages/django/db/backends/sqlite3/base.py", line 328, in execute
    return super().execute(query, params)
sqlite3.OperationalError: no such column: corecode_subject.staff_id

The above exception was the direct cause of the following exception:

Traceback (most recent call last):
  File "/Users/arnavgupta/Desktop/itl/Django-School-Management-System-master/my-env/lib/python3.9/site-packages/django/core/handlers/exception.py", line 55, in inner
    response = get_response(request)
  File "/Users/arnavgupta/Desktop/itl/Django-School-Management-System-master/my-env/lib/python3.9/site-packages/django/core/handlers/base.py", line 220, in _get_response
    response = response.render()
  File "/Users/arnavgupta/Desktop/itl/Django-School-Management-System-master/my-env/lib/python3.9/site-packages/django/template/response.py", line 114, in render
    self.content = self.rendered_content
  File "/Users/arnavgupta/Desktop/itl/Django-School-Management-System-master/my-env/lib/python3.9/site-packages/django/template/response.py", line 92, in rendered_content
    return template.render(context, self._request)
  File "/Users/arnavgupta/Desktop/itl/Django-School-Management-System-master/my-env/lib/python3.9/site-packages/django/template/backends/django.py", line 61, in render
    return self.template.render(context)
  File "/Users/arnavgupta/Desktop/itl/Django-School-Management-System-master/my-env/lib/python3.9/site-packages/django/template/base.py", line 175, in render
    return self._render(context)
  File "/Users/arnavgupta/Desktop/itl/Django-School-Management-System-master/my-env/lib/python3.9/site-packages/django/template/base.py", line 167, in _render
    return self.nodelist.render(context)
  File "/Users/arnavgupta/Desktop/itl/Django-School-Management-System-master/my-env/lib/python3.9/site-packages/django/template/base.py", line 1005, in render
    return SafeString("".join([node.render_annotated(context) for node in self]))
  File "/Users/arnavgupta/Desktop/itl/Django-School-Management-System-master/my-env/lib/python3.9/site-packages/django/template/base.py", line 1005, in <listcomp>
    return SafeString("".join([node.render_annotated(context) for node in self]))
  File "/Users/arnavgupta/Desktop/itl/Django-School-Management-System-master/my-env/lib/python3.9/site-packages/django/template/base.py", line 966, in render_annotated
    return self.render(context)
  File "/Users/arnavgupta/Desktop/itl/Django-School-Management-System-master/my-env/lib/python3.9/site-packages/django/template/loader_tags.py", line 157, in render
    return compiled_parent._render(context)
  File "/Users/arnavgupta/Desktop/itl/Django-School-Management-System-master/my-env/lib/python3.9/site-packages/django/template/base.py", line 167, in _render
    return self.nodelist.render(context)
  File "/Users/arnavgupta/Desktop/itl/Django-School-Management-System-master/my-env/lib/python3.9/site-packages/django/template/base.py", line 1005, in render
    return SafeString("".join([node.render_annotated(context) for node in self]))
  File "/Users/arnavgupta/Desktop/itl/Django-School-Management-System-master/my-env/lib/python3.9/site-packages/django/template/base.py", line 1005, in <listcomp>
    return SafeString("".join([node.render_annotated(context) for node in self]))
  File "/Users/arnavgupta/Desktop/itl/Django-School-Management-System-master/my-env/lib/python3.9/site-packages/django/template/base.py", line 966, in render_annotated
    return self.render(context)
  File "/Users/arnavgupta/Desktop/itl/Django-School-Management-System-master/my-env/lib/python3.9/site-packages/django/template/loader_tags.py", line 63, in render
    result = block.nodelist.render(context)
  File "/Users/arnavgupta/Desktop/itl/Django-School-Management-System-master/my-env/lib/python3.9/site-packages/django/template/base.py", line 1005, in render
    return SafeString("".join([node.render_annotated(context) for node in self]))
  File "/Users/arnavgupta/Desktop/itl/Django-School-Management-System-master/my-env/lib/python3.9/site-packages/django/template/base.py", line 1005, in <listcomp>
    return SafeString("".join([node.render_annotated(context) for node in self]))
  File "/Users/arnavgupta/Desktop/itl/Django-School-Management-System-master/my-env/lib/python3.9/site-packages/django/template/base.py", line 966, in render_annotated
    return self.render(context)
  File "/Users/arnavgupta/Desktop/itl/Django-School-Management-System-master/my-env/lib/python3.9/site-packages/django/template/loader_tags.py", line 63, in render
    result = block.nodelist.render(context)
  File "/Users/arnavgupta/Desktop/itl/Django-School-Management-System-master/my-env/lib/python3.9/site-packages/django/template/base.py", line 1005, in render
    return SafeString("".join([node.render_annotated(context) for node in self]))
  File "/Users/arnavgupta/Desktop/itl/Django-School-Management-System-master/my-env/lib/python3.9/site-packages/django/template/base.py", line 1005, in <listcomp>
    return SafeString("".join([node.render_annotated(context) for node in self]))
  File "/Users/arnavgupta/Desktop/itl/Django-School-Management-System-master/my-env/lib/python3.9/site-packages/django/template/base.py", line 966, in render_annotated
    return self.render(context)
  File "/Users/arnavgupta/Desktop/itl/Django-School-Management-System-master/my-env/lib/python3.9/site-packages/django/template/defaulttags.py", line 194, in render
    len_values = len(values)
  File "/Users/arnavgupta/Desktop/itl/Django-School-Management-System-master/my-env/lib/python3.9/site-packages/django/db/models/query.py", line 380, in __len__
    self._fetch_all()
  File "/Users/arnavgupta/Desktop/itl/Django-School-Management-System-master/my-env/lib/python3.9/site-packages/django/db/models/query.py", line 1881, in _fetch_all
    self._result_cache = list(self._iterable_class(self))
  File "/Users/arnavgupta/Desktop/itl/Django-School-Management-System-master/my-env/lib/python3.9/site-packages/django/db/models/query.py", line 91, in __iter__
    results = compiler.execute_sql(
  File "/Users/arnavgupta/Desktop/itl/Django-School-Management-System-master/my-env/lib/python3.9/site-packages/django/db/models/sql/compiler.py", line 1562, in execute_sql
    cursor.execute(sql, params)
  File "/Users/arnavgupta/Desktop/itl/Django-School-Management-System-master/my-env/lib/python3.9/site-packages/django/db/backends/utils.py", line 102, in execute
    return super().execute(sql, params)
  File "/Users/arnavgupta/Desktop/itl/Django-School-Management-System-master/my-env/lib/python3.9/site-packages/django/db/backends/utils.py", line 67, in execute
    return self._execute_with_wrappers(
  File "/Users/arnavgupta/Desktop/itl/Django-School-Management-System-master/my-env/lib/python3.9/site-packages/django/db/backends/utils.py", line 80, in _execute_with_wrappers
    return executor(sql, params, many, context)
  File "/Users/arnavgupta/Desktop/itl/Django-School-Management-System-master/my-env/lib/python3.9/site-packages/django/db/backends/utils.py", line 89, in _execute
    return self.cursor.execute(sql, params)
  File "/Users/arnavgupta/Desktop/itl/Django-School-Management-System-master/my-env/lib/python3.9/site-packages/django/db/utils.py", line 91, in __exit__
    raise dj_exc_value.with_traceback(traceback) from exc_value
  File "/Users/arnavgupta/Desktop/itl/Django-School-Management-System-master/my-env/lib/python3.9/site-packages/django/db/backends/utils.py", line 89, in _execute
    return self.cursor.execute(sql, params)
  File "/Users/arnavgupta/Desktop/itl/Django-School-Management-System-master/my-env/lib/python3.9/site-packages/django/db/backends/sqlite3/base.py", line 328, in execute
    return super().execute(query, params)
django.db.utils.OperationalError: no such column: corecode_subject.staff_id
ERROR 2024-03-31 11:28:30,033 "GET /subject/list/ HTTP/1.1" 500 231227
INFO 2024-03-31 11:29:38,392 /Users/arnavgupta/Desktop/itl/Django-School-Management-System-master/apps/corecode/models.py changed, reloading.
INFO 2024-03-31 11:29:39,590 Watching for file changes with StatReloader
INFO 2024-03-31 11:29:40,467 "GET /subject/list/ HTTP/1.1" 200 10809
INFO 2024-03-31 11:29:54,356 /Users/arnavgupta/Desktop/itl/Django-School-Management-System-master/apps/corecode/models.py changed, reloading.
INFO 2024-03-31 11:29:55,011 Watching for file changes with StatReloader
INFO 2024-03-31 11:30:26,714 /Users/arnavgupta/Desktop/itl/Django-School-Management-System-master/apps/corecode/models.py changed, reloading.
INFO 2024-03-31 11:30:27,710 Watching for file changes with StatReloader
INFO 2024-03-31 11:30:38,390 /Users/arnavgupta/Desktop/itl/Django-School-Management-System-master/apps/corecode/models.py changed, reloading.
INFO 2024-03-31 11:30:39,281 Watching for file changes with StatReloader
ERROR 2024-03-31 11:30:39,750 Internal Server Error: /subject/list/
Traceback (most recent call last):
  File "/Users/arnavgupta/Desktop/itl/Django-School-Management-System-master/my-env/lib/python3.9/site-packages/django/db/backends/utils.py", line 89, in _execute
    return self.cursor.execute(sql, params)
  File "/Users/arnavgupta/Desktop/itl/Django-School-Management-System-master/my-env/lib/python3.9/site-packages/django/db/backends/sqlite3/base.py", line 328, in execute
    return super().execute(query, params)
sqlite3.OperationalError: no such column: corecode_subject.staff_id

The above exception was the direct cause of the following exception:

Traceback (most recent call last):
  File "/Users/arnavgupta/Desktop/itl/Django-School-Management-System-master/my-env/lib/python3.9/site-packages/django/core/handlers/exception.py", line 55, in inner
    response = get_response(request)
  File "/Users/arnavgupta/Desktop/itl/Django-School-Management-System-master/my-env/lib/python3.9/site-packages/django/core/handlers/base.py", line 220, in _get_response
    response = response.render()
  File "/Users/arnavgupta/Desktop/itl/Django-School-Management-System-master/my-env/lib/python3.9/site-packages/django/template/response.py", line 114, in render
    self.content = self.rendered_content
  File "/Users/arnavgupta/Desktop/itl/Django-School-Management-System-master/my-env/lib/python3.9/site-packages/django/template/response.py", line 92, in rendered_content
    return template.render(context, self._request)
  File "/Users/arnavgupta/Desktop/itl/Django-School-Management-System-master/my-env/lib/python3.9/site-packages/django/template/backends/django.py", line 61, in render
    return self.template.render(context)
  File "/Users/arnavgupta/Desktop/itl/Django-School-Management-System-master/my-env/lib/python3.9/site-packages/django/template/base.py", line 175, in render
    return self._render(context)
  File "/Users/arnavgupta/Desktop/itl/Django-School-Management-System-master/my-env/lib/python3.9/site-packages/django/template/base.py", line 167, in _render
    return self.nodelist.render(context)
  File "/Users/arnavgupta/Desktop/itl/Django-School-Management-System-master/my-env/lib/python3.9/site-packages/django/template/base.py", line 1005, in render
    return SafeString("".join([node.render_annotated(context) for node in self]))
  File "/Users/arnavgupta/Desktop/itl/Django-School-Management-System-master/my-env/lib/python3.9/site-packages/django/template/base.py", line 1005, in <listcomp>
    return SafeString("".join([node.render_annotated(context) for node in self]))
  File "/Users/arnavgupta/Desktop/itl/Django-School-Management-System-master/my-env/lib/python3.9/site-packages/django/template/base.py", line 966, in render_annotated
    return self.render(context)
  File "/Users/arnavgupta/Desktop/itl/Django-School-Management-System-master/my-env/lib/python3.9/site-packages/django/template/loader_tags.py", line 157, in render
    return compiled_parent._render(context)
  File "/Users/arnavgupta/Desktop/itl/Django-School-Management-System-master/my-env/lib/python3.9/site-packages/django/template/base.py", line 167, in _render
    return self.nodelist.render(context)
  File "/Users/arnavgupta/Desktop/itl/Django-School-Management-System-master/my-env/lib/python3.9/site-packages/django/template/base.py", line 1005, in render
    return SafeString("".join([node.render_annotated(context) for node in self]))
  File "/Users/arnavgupta/Desktop/itl/Django-School-Management-System-master/my-env/lib/python3.9/site-packages/django/template/base.py", line 1005, in <listcomp>
    return SafeString("".join([node.render_annotated(context) for node in self]))
  File "/Users/arnavgupta/Desktop/itl/Django-School-Management-System-master/my-env/lib/python3.9/site-packages/django/template/base.py", line 966, in render_annotated
    return self.render(context)
  File "/Users/arnavgupta/Desktop/itl/Django-School-Management-System-master/my-env/lib/python3.9/site-packages/django/template/loader_tags.py", line 63, in render
    result = block.nodelist.render(context)
  File "/Users/arnavgupta/Desktop/itl/Django-School-Management-System-master/my-env/lib/python3.9/site-packages/django/template/base.py", line 1005, in render
    return SafeString("".join([node.render_annotated(context) for node in self]))
  File "/Users/arnavgupta/Desktop/itl/Django-School-Management-System-master/my-env/lib/python3.9/site-packages/django/template/base.py", line 1005, in <listcomp>
    return SafeString("".join([node.render_annotated(context) for node in self]))
  File "/Users/arnavgupta/Desktop/itl/Django-School-Management-System-master/my-env/lib/python3.9/site-packages/django/template/base.py", line 966, in render_annotated
    return self.render(context)
  File "/Users/arnavgupta/Desktop/itl/Django-School-Management-System-master/my-env/lib/python3.9/site-packages/django/template/loader_tags.py", line 63, in render
    result = block.nodelist.render(context)
  File "/Users/arnavgupta/Desktop/itl/Django-School-Management-System-master/my-env/lib/python3.9/site-packages/django/template/base.py", line 1005, in render
    return SafeString("".join([node.render_annotated(context) for node in self]))
  File "/Users/arnavgupta/Desktop/itl/Django-School-Management-System-master/my-env/lib/python3.9/site-packages/django/template/base.py", line 1005, in <listcomp>
    return SafeString("".join([node.render_annotated(context) for node in self]))
  File "/Users/arnavgupta/Desktop/itl/Django-School-Management-System-master/my-env/lib/python3.9/site-packages/django/template/base.py", line 966, in render_annotated
    return self.render(context)
  File "/Users/arnavgupta/Desktop/itl/Django-School-Management-System-master/my-env/lib/python3.9/site-packages/django/template/defaulttags.py", line 194, in render
    len_values = len(values)
  File "/Users/arnavgupta/Desktop/itl/Django-School-Management-System-master/my-env/lib/python3.9/site-packages/django/db/models/query.py", line 380, in __len__
    self._fetch_all()
  File "/Users/arnavgupta/Desktop/itl/Django-School-Management-System-master/my-env/lib/python3.9/site-packages/django/db/models/query.py", line 1881, in _fetch_all
    self._result_cache = list(self._iterable_class(self))
  File "/Users/arnavgupta/Desktop/itl/Django-School-Management-System-master/my-env/lib/python3.9/site-packages/django/db/models/query.py", line 91, in __iter__
    results = compiler.execute_sql(
  File "/Users/arnavgupta/Desktop/itl/Django-School-Management-System-master/my-env/lib/python3.9/site-packages/django/db/models/sql/compiler.py", line 1562, in execute_sql
    cursor.execute(sql, params)
  File "/Users/arnavgupta/Desktop/itl/Django-School-Management-System-master/my-env/lib/python3.9/site-packages/django/db/backends/utils.py", line 102, in execute
    return super().execute(sql, params)
  File "/Users/arnavgupta/Desktop/itl/Django-School-Management-System-master/my-env/lib/python3.9/site-packages/django/db/backends/utils.py", line 67, in execute
    return self._execute_with_wrappers(
  File "/Users/arnavgupta/Desktop/itl/Django-School-Management-System-master/my-env/lib/python3.9/site-packages/django/db/backends/utils.py", line 80, in _execute_with_wrappers
    return executor(sql, params, many, context)
  File "/Users/arnavgupta/Desktop/itl/Django-School-Management-System-master/my-env/lib/python3.9/site-packages/django/db/backends/utils.py", line 89, in _execute
    return self.cursor.execute(sql, params)
  File "/Users/arnavgupta/Desktop/itl/Django-School-Management-System-master/my-env/lib/python3.9/site-packages/django/db/utils.py", line 91, in __exit__
    raise dj_exc_value.with_traceback(traceback) from exc_value
  File "/Users/arnavgupta/Desktop/itl/Django-School-Management-System-master/my-env/lib/python3.9/site-packages/django/db/backends/utils.py", line 89, in _execute
    return self.cursor.execute(sql, params)
  File "/Users/arnavgupta/Desktop/itl/Django-School-Management-System-master/my-env/lib/python3.9/site-packages/django/db/backends/sqlite3/base.py", line 328, in execute
    return super().execute(query, params)
django.db.utils.OperationalError: no such column: corecode_subject.staff_id
ERROR 2024-03-31 11:30:39,756 "GET /subject/list/ HTTP/1.1" 500 231364
INFO 2024-03-31 11:31:10,317 /Users/arnavgupta/Desktop/itl/Django-School-Management-System-master/apps/corecode/models.py changed, reloading.
INFO 2024-03-31 11:31:11,517 Watching for file changes with StatReloader
INFO 2024-03-31 11:38:36,170 /Users/arnavgupta/Desktop/itl/Django-School-Management-System-master/apps/staffs/models.py changed, reloading.
INFO 2024-03-31 11:38:37,409 Watching for file changes with StatReloader
INFO 2024-03-31 11:41:57,101 Watching for file changes with StatReloader
INFO 2024-03-31 11:42:18,539 Watching for file changes with StatReloader
INFO 2024-03-31 11:42:21,022 "GET / HTTP/1.1" 200 8702
ERROR 2024-03-31 11:42:23,109 Internal Server Error: /staff/list/
Traceback (most recent call last):
  File "/Users/arnavgupta/Desktop/itl/Django-School-Management-System-master/my-env/lib/python3.9/site-packages/django/db/backends/utils.py", line 89, in _execute
    return self.cursor.execute(sql, params)
  File "/Users/arnavgupta/Desktop/itl/Django-School-Management-System-master/my-env/lib/python3.9/site-packages/django/db/backends/sqlite3/base.py", line 328, in execute
    return super().execute(query, params)
sqlite3.OperationalError: no such column: staffs_staff.empid

The above exception was the direct cause of the following exception:

Traceback (most recent call last):
  File "/Users/arnavgupta/Desktop/itl/Django-School-Management-System-master/my-env/lib/python3.9/site-packages/django/core/handlers/exception.py", line 55, in inner
    response = get_response(request)
  File "/Users/arnavgupta/Desktop/itl/Django-School-Management-System-master/my-env/lib/python3.9/site-packages/django/core/handlers/base.py", line 220, in _get_response
    response = response.render()
  File "/Users/arnavgupta/Desktop/itl/Django-School-Management-System-master/my-env/lib/python3.9/site-packages/django/template/response.py", line 114, in render
    self.content = self.rendered_content
  File "/Users/arnavgupta/Desktop/itl/Django-School-Management-System-master/my-env/lib/python3.9/site-packages/django/template/response.py", line 92, in rendered_content
    return template.render(context, self._request)
  File "/Users/arnavgupta/Desktop/itl/Django-School-Management-System-master/my-env/lib/python3.9/site-packages/django/template/backends/django.py", line 61, in render
    return self.template.render(context)
  File "/Users/arnavgupta/Desktop/itl/Django-School-Management-System-master/my-env/lib/python3.9/site-packages/django/template/base.py", line 175, in render
    return self._render(context)
  File "/Users/arnavgupta/Desktop/itl/Django-School-Management-System-master/my-env/lib/python3.9/site-packages/django/template/base.py", line 167, in _render
    return self.nodelist.render(context)
  File "/Users/arnavgupta/Desktop/itl/Django-School-Management-System-master/my-env/lib/python3.9/site-packages/django/template/base.py", line 1005, in render
    return SafeString("".join([node.render_annotated(context) for node in self]))
  File "/Users/arnavgupta/Desktop/itl/Django-School-Management-System-master/my-env/lib/python3.9/site-packages/django/template/base.py", line 1005, in <listcomp>
    return SafeString("".join([node.render_annotated(context) for node in self]))
  File "/Users/arnavgupta/Desktop/itl/Django-School-Management-System-master/my-env/lib/python3.9/site-packages/django/template/base.py", line 966, in render_annotated
    return self.render(context)
  File "/Users/arnavgupta/Desktop/itl/Django-School-Management-System-master/my-env/lib/python3.9/site-packages/django/template/loader_tags.py", line 157, in render
    return compiled_parent._render(context)
  File "/Users/arnavgupta/Desktop/itl/Django-School-Management-System-master/my-env/lib/python3.9/site-packages/django/template/base.py", line 167, in _render
    return self.nodelist.render(context)
  File "/Users/arnavgupta/Desktop/itl/Django-School-Management-System-master/my-env/lib/python3.9/site-packages/django/template/base.py", line 1005, in render
    return SafeString("".join([node.render_annotated(context) for node in self]))
  File "/Users/arnavgupta/Desktop/itl/Django-School-Management-System-master/my-env/lib/python3.9/site-packages/django/template/base.py", line 1005, in <listcomp>
    return SafeString("".join([node.render_annotated(context) for node in self]))
  File "/Users/arnavgupta/Desktop/itl/Django-School-Management-System-master/my-env/lib/python3.9/site-packages/django/template/base.py", line 966, in render_annotated
    return self.render(context)
  File "/Users/arnavgupta/Desktop/itl/Django-School-Management-System-master/my-env/lib/python3.9/site-packages/django/template/loader_tags.py", line 63, in render
    result = block.nodelist.render(context)
  File "/Users/arnavgupta/Desktop/itl/Django-School-Management-System-master/my-env/lib/python3.9/site-packages/django/template/base.py", line 1005, in render
    return SafeString("".join([node.render_annotated(context) for node in self]))
  File "/Users/arnavgupta/Desktop/itl/Django-School-Management-System-master/my-env/lib/python3.9/site-packages/django/template/base.py", line 1005, in <listcomp>
    return SafeString("".join([node.render_annotated(context) for node in self]))
  File "/Users/arnavgupta/Desktop/itl/Django-School-Management-System-master/my-env/lib/python3.9/site-packages/django/template/base.py", line 966, in render_annotated
    return self.render(context)
  File "/Users/arnavgupta/Desktop/itl/Django-School-Management-System-master/my-env/lib/python3.9/site-packages/django/template/loader_tags.py", line 63, in render
    result = block.nodelist.render(context)
  File "/Users/arnavgupta/Desktop/itl/Django-School-Management-System-master/my-env/lib/python3.9/site-packages/django/template/base.py", line 1005, in render
    return SafeString("".join([node.render_annotated(context) for node in self]))
  File "/Users/arnavgupta/Desktop/itl/Django-School-Management-System-master/my-env/lib/python3.9/site-packages/django/template/base.py", line 1005, in <listcomp>
    return SafeString("".join([node.render_annotated(context) for node in self]))
  File "/Users/arnavgupta/Desktop/itl/Django-School-Management-System-master/my-env/lib/python3.9/site-packages/django/template/base.py", line 966, in render_annotated
    return self.render(context)
  File "/Users/arnavgupta/Desktop/itl/Django-School-Management-System-master/my-env/lib/python3.9/site-packages/django/template/defaulttags.py", line 194, in render
    len_values = len(values)
  File "/Users/arnavgupta/Desktop/itl/Django-School-Management-System-master/my-env/lib/python3.9/site-packages/django/db/models/query.py", line 380, in __len__
    self._fetch_all()
  File "/Users/arnavgupta/Desktop/itl/Django-School-Management-System-master/my-env/lib/python3.9/site-packages/django/db/models/query.py", line 1881, in _fetch_all
    self._result_cache = list(self._iterable_class(self))
  File "/Users/arnavgupta/Desktop/itl/Django-School-Management-System-master/my-env/lib/python3.9/site-packages/django/db/models/query.py", line 91, in __iter__
    results = compiler.execute_sql(
  File "/Users/arnavgupta/Desktop/itl/Django-School-Management-System-master/my-env/lib/python3.9/site-packages/django/db/models/sql/compiler.py", line 1562, in execute_sql
    cursor.execute(sql, params)
  File "/Users/arnavgupta/Desktop/itl/Django-School-Management-System-master/my-env/lib/python3.9/site-packages/django/db/backends/utils.py", line 102, in execute
    return super().execute(sql, params)
  File "/Users/arnavgupta/Desktop/itl/Django-School-Management-System-master/my-env/lib/python3.9/site-packages/django/db/backends/utils.py", line 67, in execute
    return self._execute_with_wrappers(
  File "/Users/arnavgupta/Desktop/itl/Django-School-Management-System-master/my-env/lib/python3.9/site-packages/django/db/backends/utils.py", line 80, in _execute_with_wrappers
    return executor(sql, params, many, context)
  File "/Users/arnavgupta/Desktop/itl/Django-School-Management-System-master/my-env/lib/python3.9/site-packages/django/db/backends/utils.py", line 89, in _execute
    return self.cursor.execute(sql, params)
  File "/Users/arnavgupta/Desktop/itl/Django-School-Management-System-master/my-env/lib/python3.9/site-packages/django/db/utils.py", line 91, in __exit__
    raise dj_exc_value.with_traceback(traceback) from exc_value
  File "/Users/arnavgupta/Desktop/itl/Django-School-Management-System-master/my-env/lib/python3.9/site-packages/django/db/backends/utils.py", line 89, in _execute
    return self.cursor.execute(sql, params)
  File "/Users/arnavgupta/Desktop/itl/Django-School-Management-System-master/my-env/lib/python3.9/site-packages/django/db/backends/sqlite3/base.py", line 328, in execute
    return super().execute(query, params)
django.db.utils.OperationalError: no such column: staffs_staff.empid
ERROR 2024-03-31 11:42:23,114 "GET /staff/list/ HTTP/1.1" 500 234334
ERROR 2024-03-31 11:42:58,560 Internal Server Error: /staff/list/
Traceback (most recent call last):
  File "/Users/arnavgupta/Desktop/itl/Django-School-Management-System-master/my-env/lib/python3.9/site-packages/django/db/backends/utils.py", line 89, in _execute
    return self.cursor.execute(sql, params)
  File "/Users/arnavgupta/Desktop/itl/Django-School-Management-System-master/my-env/lib/python3.9/site-packages/django/db/backends/sqlite3/base.py", line 328, in execute
    return super().execute(query, params)
sqlite3.OperationalError: no such column: staffs_staff.empid

The above exception was the direct cause of the following exception:

Traceback (most recent call last):
  File "/Users/arnavgupta/Desktop/itl/Django-School-Management-System-master/my-env/lib/python3.9/site-packages/django/core/handlers/exception.py", line 55, in inner
    response = get_response(request)
  File "/Users/arnavgupta/Desktop/itl/Django-School-Management-System-master/my-env/lib/python3.9/site-packages/django/core/handlers/base.py", line 220, in _get_response
    response = response.render()
  File "/Users/arnavgupta/Desktop/itl/Django-School-Management-System-master/my-env/lib/python3.9/site-packages/django/template/response.py", line 114, in render
    self.content = self.rendered_content
  File "/Users/arnavgupta/Desktop/itl/Django-School-Management-System-master/my-env/lib/python3.9/site-packages/django/template/response.py", line 92, in rendered_content
    return template.render(context, self._request)
  File "/Users/arnavgupta/Desktop/itl/Django-School-Management-System-master/my-env/lib/python3.9/site-packages/django/template/backends/django.py", line 61, in render
    return self.template.render(context)
  File "/Users/arnavgupta/Desktop/itl/Django-School-Management-System-master/my-env/lib/python3.9/site-packages/django/template/base.py", line 175, in render
    return self._render(context)
  File "/Users/arnavgupta/Desktop/itl/Django-School-Management-System-master/my-env/lib/python3.9/site-packages/django/template/base.py", line 167, in _render
    return self.nodelist.render(context)
  File "/Users/arnavgupta/Desktop/itl/Django-School-Management-System-master/my-env/lib/python3.9/site-packages/django/template/base.py", line 1005, in render
    return SafeString("".join([node.render_annotated(context) for node in self]))
  File "/Users/arnavgupta/Desktop/itl/Django-School-Management-System-master/my-env/lib/python3.9/site-packages/django/template/base.py", line 1005, in <listcomp>
    return SafeString("".join([node.render_annotated(context) for node in self]))
  File "/Users/arnavgupta/Desktop/itl/Django-School-Management-System-master/my-env/lib/python3.9/site-packages/django/template/base.py", line 966, in render_annotated
    return self.render(context)
  File "/Users/arnavgupta/Desktop/itl/Django-School-Management-System-master/my-env/lib/python3.9/site-packages/django/template/loader_tags.py", line 157, in render
    return compiled_parent._render(context)
  File "/Users/arnavgupta/Desktop/itl/Django-School-Management-System-master/my-env/lib/python3.9/site-packages/django/template/base.py", line 167, in _render
    return self.nodelist.render(context)
  File "/Users/arnavgupta/Desktop/itl/Django-School-Management-System-master/my-env/lib/python3.9/site-packages/django/template/base.py", line 1005, in render
    return SafeString("".join([node.render_annotated(context) for node in self]))
  File "/Users/arnavgupta/Desktop/itl/Django-School-Management-System-master/my-env/lib/python3.9/site-packages/django/template/base.py", line 1005, in <listcomp>
    return SafeString("".join([node.render_annotated(context) for node in self]))
  File "/Users/arnavgupta/Desktop/itl/Django-School-Management-System-master/my-env/lib/python3.9/site-packages/django/template/base.py", line 966, in render_annotated
    return self.render(context)
  File "/Users/arnavgupta/Desktop/itl/Django-School-Management-System-master/my-env/lib/python3.9/site-packages/django/template/loader_tags.py", line 63, in render
    result = block.nodelist.render(context)
  File "/Users/arnavgupta/Desktop/itl/Django-School-Management-System-master/my-env/lib/python3.9/site-packages/django/template/base.py", line 1005, in render
    return SafeString("".join([node.render_annotated(context) for node in self]))
  File "/Users/arnavgupta/Desktop/itl/Django-School-Management-System-master/my-env/lib/python3.9/site-packages/django/template/base.py", line 1005, in <listcomp>
    return SafeString("".join([node.render_annotated(context) for node in self]))
  File "/Users/arnavgupta/Desktop/itl/Django-School-Management-System-master/my-env/lib/python3.9/site-packages/django/template/base.py", line 966, in render_annotated
    return self.render(context)
  File "/Users/arnavgupta/Desktop/itl/Django-School-Management-System-master/my-env/lib/python3.9/site-packages/django/template/loader_tags.py", line 63, in render
    result = block.nodelist.render(context)
  File "/Users/arnavgupta/Desktop/itl/Django-School-Management-System-master/my-env/lib/python3.9/site-packages/django/template/base.py", line 1005, in render
    return SafeString("".join([node.render_annotated(context) for node in self]))
  File "/Users/arnavgupta/Desktop/itl/Django-School-Management-System-master/my-env/lib/python3.9/site-packages/django/template/base.py", line 1005, in <listcomp>
    return SafeString("".join([node.render_annotated(context) for node in self]))
  File "/Users/arnavgupta/Desktop/itl/Django-School-Management-System-master/my-env/lib/python3.9/site-packages/django/template/base.py", line 966, in render_annotated
    return self.render(context)
  File "/Users/arnavgupta/Desktop/itl/Django-School-Management-System-master/my-env/lib/python3.9/site-packages/django/template/defaulttags.py", line 194, in render
    len_values = len(values)
  File "/Users/arnavgupta/Desktop/itl/Django-School-Management-System-master/my-env/lib/python3.9/site-packages/django/db/models/query.py", line 380, in __len__
    self._fetch_all()
  File "/Users/arnavgupta/Desktop/itl/Django-School-Management-System-master/my-env/lib/python3.9/site-packages/django/db/models/query.py", line 1881, in _fetch_all
    self._result_cache = list(self._iterable_class(self))
  File "/Users/arnavgupta/Desktop/itl/Django-School-Management-System-master/my-env/lib/python3.9/site-packages/django/db/models/query.py", line 91, in __iter__
    results = compiler.execute_sql(
  File "/Users/arnavgupta/Desktop/itl/Django-School-Management-System-master/my-env/lib/python3.9/site-packages/django/db/models/sql/compiler.py", line 1562, in execute_sql
    cursor.execute(sql, params)
  File "/Users/arnavgupta/Desktop/itl/Django-School-Management-System-master/my-env/lib/python3.9/site-packages/django/db/backends/utils.py", line 102, in execute
    return super().execute(sql, params)
  File "/Users/arnavgupta/Desktop/itl/Django-School-Management-System-master/my-env/lib/python3.9/site-packages/django/db/backends/utils.py", line 67, in execute
    return self._execute_with_wrappers(
  File "/Users/arnavgupta/Desktop/itl/Django-School-Management-System-master/my-env/lib/python3.9/site-packages/django/db/backends/utils.py", line 80, in _execute_with_wrappers
    return executor(sql, params, many, context)
  File "/Users/arnavgupta/Desktop/itl/Django-School-Management-System-master/my-env/lib/python3.9/site-packages/django/db/backends/utils.py", line 89, in _execute
    return self.cursor.execute(sql, params)
  File "/Users/arnavgupta/Desktop/itl/Django-School-Management-System-master/my-env/lib/python3.9/site-packages/django/db/utils.py", line 91, in __exit__
    raise dj_exc_value.with_traceback(traceback) from exc_value
  File "/Users/arnavgupta/Desktop/itl/Django-School-Management-System-master/my-env/lib/python3.9/site-packages/django/db/backends/utils.py", line 89, in _execute
    return self.cursor.execute(sql, params)
  File "/Users/arnavgupta/Desktop/itl/Django-School-Management-System-master/my-env/lib/python3.9/site-packages/django/db/backends/sqlite3/base.py", line 328, in execute
    return super().execute(query, params)
django.db.utils.OperationalError: no such column: staffs_staff.empid
ERROR 2024-03-31 11:42:58,562 "GET /staff/list/ HTTP/1.1" 500 234415
ERROR 2024-03-31 11:43:02,899 Internal Server Error: /staff/list/
Traceback (most recent call last):
  File "/Users/arnavgupta/Desktop/itl/Django-School-Management-System-master/my-env/lib/python3.9/site-packages/django/db/backends/utils.py", line 89, in _execute
    return self.cursor.execute(sql, params)
  File "/Users/arnavgupta/Desktop/itl/Django-School-Management-System-master/my-env/lib/python3.9/site-packages/django/db/backends/sqlite3/base.py", line 328, in execute
    return super().execute(query, params)
sqlite3.OperationalError: no such column: staffs_staff.empid

The above exception was the direct cause of the following exception:

Traceback (most recent call last):
  File "/Users/arnavgupta/Desktop/itl/Django-School-Management-System-master/my-env/lib/python3.9/site-packages/django/core/handlers/exception.py", line 55, in inner
    response = get_response(request)
  File "/Users/arnavgupta/Desktop/itl/Django-School-Management-System-master/my-env/lib/python3.9/site-packages/django/core/handlers/base.py", line 220, in _get_response
    response = response.render()
  File "/Users/arnavgupta/Desktop/itl/Django-School-Management-System-master/my-env/lib/python3.9/site-packages/django/template/response.py", line 114, in render
    self.content = self.rendered_content
  File "/Users/arnavgupta/Desktop/itl/Django-School-Management-System-master/my-env/lib/python3.9/site-packages/django/template/response.py", line 92, in rendered_content
    return template.render(context, self._request)
  File "/Users/arnavgupta/Desktop/itl/Django-School-Management-System-master/my-env/lib/python3.9/site-packages/django/template/backends/django.py", line 61, in render
    return self.template.render(context)
  File "/Users/arnavgupta/Desktop/itl/Django-School-Management-System-master/my-env/lib/python3.9/site-packages/django/template/base.py", line 175, in render
    return self._render(context)
  File "/Users/arnavgupta/Desktop/itl/Django-School-Management-System-master/my-env/lib/python3.9/site-packages/django/template/base.py", line 167, in _render
    return self.nodelist.render(context)
  File "/Users/arnavgupta/Desktop/itl/Django-School-Management-System-master/my-env/lib/python3.9/site-packages/django/template/base.py", line 1005, in render
    return SafeString("".join([node.render_annotated(context) for node in self]))
  File "/Users/arnavgupta/Desktop/itl/Django-School-Management-System-master/my-env/lib/python3.9/site-packages/django/template/base.py", line 1005, in <listcomp>
    return SafeString("".join([node.render_annotated(context) for node in self]))
  File "/Users/arnavgupta/Desktop/itl/Django-School-Management-System-master/my-env/lib/python3.9/site-packages/django/template/base.py", line 966, in render_annotated
    return self.render(context)
  File "/Users/arnavgupta/Desktop/itl/Django-School-Management-System-master/my-env/lib/python3.9/site-packages/django/template/loader_tags.py", line 157, in render
    return compiled_parent._render(context)
  File "/Users/arnavgupta/Desktop/itl/Django-School-Management-System-master/my-env/lib/python3.9/site-packages/django/template/base.py", line 167, in _render
    return self.nodelist.render(context)
  File "/Users/arnavgupta/Desktop/itl/Django-School-Management-System-master/my-env/lib/python3.9/site-packages/django/template/base.py", line 1005, in render
    return SafeString("".join([node.render_annotated(context) for node in self]))
  File "/Users/arnavgupta/Desktop/itl/Django-School-Management-System-master/my-env/lib/python3.9/site-packages/django/template/base.py", line 1005, in <listcomp>
    return SafeString("".join([node.render_annotated(context) for node in self]))
  File "/Users/arnavgupta/Desktop/itl/Django-School-Management-System-master/my-env/lib/python3.9/site-packages/django/template/base.py", line 966, in render_annotated
    return self.render(context)
  File "/Users/arnavgupta/Desktop/itl/Django-School-Management-System-master/my-env/lib/python3.9/site-packages/django/template/loader_tags.py", line 63, in render
    result = block.nodelist.render(context)
  File "/Users/arnavgupta/Desktop/itl/Django-School-Management-System-master/my-env/lib/python3.9/site-packages/django/template/base.py", line 1005, in render
    return SafeString("".join([node.render_annotated(context) for node in self]))
  File "/Users/arnavgupta/Desktop/itl/Django-School-Management-System-master/my-env/lib/python3.9/site-packages/django/template/base.py", line 1005, in <listcomp>
    return SafeString("".join([node.render_annotated(context) for node in self]))
  File "/Users/arnavgupta/Desktop/itl/Django-School-Management-System-master/my-env/lib/python3.9/site-packages/django/template/base.py", line 966, in render_annotated
    return self.render(context)
  File "/Users/arnavgupta/Desktop/itl/Django-School-Management-System-master/my-env/lib/python3.9/site-packages/django/template/loader_tags.py", line 63, in render
    result = block.nodelist.render(context)
  File "/Users/arnavgupta/Desktop/itl/Django-School-Management-System-master/my-env/lib/python3.9/site-packages/django/template/base.py", line 1005, in render
    return SafeString("".join([node.render_annotated(context) for node in self]))
  File "/Users/arnavgupta/Desktop/itl/Django-School-Management-System-master/my-env/lib/python3.9/site-packages/django/template/base.py", line 1005, in <listcomp>
    return SafeString("".join([node.render_annotated(context) for node in self]))
  File "/Users/arnavgupta/Desktop/itl/Django-School-Management-System-master/my-env/lib/python3.9/site-packages/django/template/base.py", line 966, in render_annotated
    return self.render(context)
  File "/Users/arnavgupta/Desktop/itl/Django-School-Management-System-master/my-env/lib/python3.9/site-packages/django/template/defaulttags.py", line 194, in render
    len_values = len(values)
  File "/Users/arnavgupta/Desktop/itl/Django-School-Management-System-master/my-env/lib/python3.9/site-packages/django/db/models/query.py", line 380, in __len__
    self._fetch_all()
  File "/Users/arnavgupta/Desktop/itl/Django-School-Management-System-master/my-env/lib/python3.9/site-packages/django/db/models/query.py", line 1881, in _fetch_all
    self._result_cache = list(self._iterable_class(self))
  File "/Users/arnavgupta/Desktop/itl/Django-School-Management-System-master/my-env/lib/python3.9/site-packages/django/db/models/query.py", line 91, in __iter__
    results = compiler.execute_sql(
  File "/Users/arnavgupta/Desktop/itl/Django-School-Management-System-master/my-env/lib/python3.9/site-packages/django/db/models/sql/compiler.py", line 1562, in execute_sql
    cursor.execute(sql, params)
  File "/Users/arnavgupta/Desktop/itl/Django-School-Management-System-master/my-env/lib/python3.9/site-packages/django/db/backends/utils.py", line 102, in execute
    return super().execute(sql, params)
  File "/Users/arnavgupta/Desktop/itl/Django-School-Management-System-master/my-env/lib/python3.9/site-packages/django/db/backends/utils.py", line 67, in execute
    return self._execute_with_wrappers(
  File "/Users/arnavgupta/Desktop/itl/Django-School-Management-System-master/my-env/lib/python3.9/site-packages/django/db/backends/utils.py", line 80, in _execute_with_wrappers
    return executor(sql, params, many, context)
  File "/Users/arnavgupta/Desktop/itl/Django-School-Management-System-master/my-env/lib/python3.9/site-packages/django/db/backends/utils.py", line 89, in _execute
    return self.cursor.execute(sql, params)
  File "/Users/arnavgupta/Desktop/itl/Django-School-Management-System-master/my-env/lib/python3.9/site-packages/django/db/utils.py", line 91, in __exit__
    raise dj_exc_value.with_traceback(traceback) from exc_value
  File "/Users/arnavgupta/Desktop/itl/Django-School-Management-System-master/my-env/lib/python3.9/site-packages/django/db/backends/utils.py", line 89, in _execute
    return self.cursor.execute(sql, params)
  File "/Users/arnavgupta/Desktop/itl/Django-School-Management-System-master/my-env/lib/python3.9/site-packages/django/db/backends/sqlite3/base.py", line 328, in execute
    return super().execute(query, params)
django.db.utils.OperationalError: no such column: staffs_staff.empid
ERROR 2024-03-31 11:43:02,901 "GET /staff/list/ HTTP/1.1" 500 234278
ERROR 2024-03-31 11:43:35,657 Internal Server Error: /staff/list/
Traceback (most recent call last):
  File "/Users/arnavgupta/Desktop/itl/Django-School-Management-System-master/my-env/lib/python3.9/site-packages/django/db/backends/utils.py", line 89, in _execute
    return self.cursor.execute(sql, params)
  File "/Users/arnavgupta/Desktop/itl/Django-School-Management-System-master/my-env/lib/python3.9/site-packages/django/db/backends/sqlite3/base.py", line 328, in execute
    return super().execute(query, params)
sqlite3.OperationalError: no such column: staffs_staff.empid

The above exception was the direct cause of the following exception:

Traceback (most recent call last):
  File "/Users/arnavgupta/Desktop/itl/Django-School-Management-System-master/my-env/lib/python3.9/site-packages/django/core/handlers/exception.py", line 55, in inner
    response = get_response(request)
  File "/Users/arnavgupta/Desktop/itl/Django-School-Management-System-master/my-env/lib/python3.9/site-packages/django/core/handlers/base.py", line 220, in _get_response
    response = response.render()
  File "/Users/arnavgupta/Desktop/itl/Django-School-Management-System-master/my-env/lib/python3.9/site-packages/django/template/response.py", line 114, in render
    self.content = self.rendered_content
  File "/Users/arnavgupta/Desktop/itl/Django-School-Management-System-master/my-env/lib/python3.9/site-packages/django/template/response.py", line 92, in rendered_content
    return template.render(context, self._request)
  File "/Users/arnavgupta/Desktop/itl/Django-School-Management-System-master/my-env/lib/python3.9/site-packages/django/template/backends/django.py", line 61, in render
    return self.template.render(context)
  File "/Users/arnavgupta/Desktop/itl/Django-School-Management-System-master/my-env/lib/python3.9/site-packages/django/template/base.py", line 175, in render
    return self._render(context)
  File "/Users/arnavgupta/Desktop/itl/Django-School-Management-System-master/my-env/lib/python3.9/site-packages/django/template/base.py", line 167, in _render
    return self.nodelist.render(context)
  File "/Users/arnavgupta/Desktop/itl/Django-School-Management-System-master/my-env/lib/python3.9/site-packages/django/template/base.py", line 1005, in render
    return SafeString("".join([node.render_annotated(context) for node in self]))
  File "/Users/arnavgupta/Desktop/itl/Django-School-Management-System-master/my-env/lib/python3.9/site-packages/django/template/base.py", line 1005, in <listcomp>
    return SafeString("".join([node.render_annotated(context) for node in self]))
  File "/Users/arnavgupta/Desktop/itl/Django-School-Management-System-master/my-env/lib/python3.9/site-packages/django/template/base.py", line 966, in render_annotated
    return self.render(context)
  File "/Users/arnavgupta/Desktop/itl/Django-School-Management-System-master/my-env/lib/python3.9/site-packages/django/template/loader_tags.py", line 157, in render
    return compiled_parent._render(context)
  File "/Users/arnavgupta/Desktop/itl/Django-School-Management-System-master/my-env/lib/python3.9/site-packages/django/template/base.py", line 167, in _render
    return self.nodelist.render(context)
  File "/Users/arnavgupta/Desktop/itl/Django-School-Management-System-master/my-env/lib/python3.9/site-packages/django/template/base.py", line 1005, in render
    return SafeString("".join([node.render_annotated(context) for node in self]))
  File "/Users/arnavgupta/Desktop/itl/Django-School-Management-System-master/my-env/lib/python3.9/site-packages/django/template/base.py", line 1005, in <listcomp>
    return SafeString("".join([node.render_annotated(context) for node in self]))
  File "/Users/arnavgupta/Desktop/itl/Django-School-Management-System-master/my-env/lib/python3.9/site-packages/django/template/base.py", line 966, in render_annotated
    return self.render(context)
  File "/Users/arnavgupta/Desktop/itl/Django-School-Management-System-master/my-env/lib/python3.9/site-packages/django/template/loader_tags.py", line 63, in render
    result = block.nodelist.render(context)
  File "/Users/arnavgupta/Desktop/itl/Django-School-Management-System-master/my-env/lib/python3.9/site-packages/django/template/base.py", line 1005, in render
    return SafeString("".join([node.render_annotated(context) for node in self]))
  File "/Users/arnavgupta/Desktop/itl/Django-School-Management-System-master/my-env/lib/python3.9/site-packages/django/template/base.py", line 1005, in <listcomp>
    return SafeString("".join([node.render_annotated(context) for node in self]))
  File "/Users/arnavgupta/Desktop/itl/Django-School-Management-System-master/my-env/lib/python3.9/site-packages/django/template/base.py", line 966, in render_annotated
    return self.render(context)
  File "/Users/arnavgupta/Desktop/itl/Django-School-Management-System-master/my-env/lib/python3.9/site-packages/django/template/loader_tags.py", line 63, in render
    result = block.nodelist.render(context)
  File "/Users/arnavgupta/Desktop/itl/Django-School-Management-System-master/my-env/lib/python3.9/site-packages/django/template/base.py", line 1005, in render
    return SafeString("".join([node.render_annotated(context) for node in self]))
  File "/Users/arnavgupta/Desktop/itl/Django-School-Management-System-master/my-env/lib/python3.9/site-packages/django/template/base.py", line 1005, in <listcomp>
    return SafeString("".join([node.render_annotated(context) for node in self]))
  File "/Users/arnavgupta/Desktop/itl/Django-School-Management-System-master/my-env/lib/python3.9/site-packages/django/template/base.py", line 966, in render_annotated
    return self.render(context)
  File "/Users/arnavgupta/Desktop/itl/Django-School-Management-System-master/my-env/lib/python3.9/site-packages/django/template/defaulttags.py", line 194, in render
    len_values = len(values)
  File "/Users/arnavgupta/Desktop/itl/Django-School-Management-System-master/my-env/lib/python3.9/site-packages/django/db/models/query.py", line 380, in __len__
    self._fetch_all()
  File "/Users/arnavgupta/Desktop/itl/Django-School-Management-System-master/my-env/lib/python3.9/site-packages/django/db/models/query.py", line 1881, in _fetch_all
    self._result_cache = list(self._iterable_class(self))
  File "/Users/arnavgupta/Desktop/itl/Django-School-Management-System-master/my-env/lib/python3.9/site-packages/django/db/models/query.py", line 91, in __iter__
    results = compiler.execute_sql(
  File "/Users/arnavgupta/Desktop/itl/Django-School-Management-System-master/my-env/lib/python3.9/site-packages/django/db/models/sql/compiler.py", line 1562, in execute_sql
    cursor.execute(sql, params)
  File "/Users/arnavgupta/Desktop/itl/Django-School-Management-System-master/my-env/lib/python3.9/site-packages/django/db/backends/utils.py", line 102, in execute
    return super().execute(sql, params)
  File "/Users/arnavgupta/Desktop/itl/Django-School-Management-System-master/my-env/lib/python3.9/site-packages/django/db/backends/utils.py", line 67, in execute
    return self._execute_with_wrappers(
  File "/Users/arnavgupta/Desktop/itl/Django-School-Management-System-master/my-env/lib/python3.9/site-packages/django/db/backends/utils.py", line 80, in _execute_with_wrappers
    return executor(sql, params, many, context)
  File "/Users/arnavgupta/Desktop/itl/Django-School-Management-System-master/my-env/lib/python3.9/site-packages/django/db/backends/utils.py", line 89, in _execute
    return self.cursor.execute(sql, params)
  File "/Users/arnavgupta/Desktop/itl/Django-School-Management-System-master/my-env/lib/python3.9/site-packages/django/db/utils.py", line 91, in __exit__
    raise dj_exc_value.with_traceback(traceback) from exc_value
  File "/Users/arnavgupta/Desktop/itl/Django-School-Management-System-master/my-env/lib/python3.9/site-packages/django/db/backends/utils.py", line 89, in _execute
    return self.cursor.execute(sql, params)
  File "/Users/arnavgupta/Desktop/itl/Django-School-Management-System-master/my-env/lib/python3.9/site-packages/django/db/backends/sqlite3/base.py", line 328, in execute
    return super().execute(query, params)
django.db.utils.OperationalError: no such column: staffs_staff.empid
ERROR 2024-03-31 11:43:35,659 "GET /staff/list/ HTTP/1.1" 500 234471
INFO 2024-03-31 11:47:46,282 Watching for file changes with StatReloader
INFO 2024-03-31 11:48:01,244 Watching for file changes with StatReloader
INFO 2024-03-31 11:48:03,070 "GET / HTTP/1.1" 200 8702
INFO 2024-03-31 11:48:05,803 "GET /staff/list/ HTTP/1.1" 200 9344
INFO 2024-03-31 11:48:08,338 "GET /staff/create/ HTTP/1.1" 200 12262
INFO 2024-03-31 11:48:15,753 "POST /staff/create/ HTTP/1.1" 302 0
INFO 2024-03-31 11:48:15,788 "GET /staff/2/ HTTP/1.1" 200 10209
INFO 2024-03-31 11:48:17,989 "GET /staff/2/delete/ HTTP/1.1" 200 8990
INFO 2024-03-31 11:48:20,561 "GET /staff/list/ HTTP/1.1" 200 9558
INFO 2024-03-31 11:50:20,181 "GET /staff/list/ HTTP/1.1" 200 9528
INFO 2024-03-31 11:50:22,191 "GET /staff/1/ HTTP/1.1" 200 10124
INFO 2024-03-31 11:50:24,019 "GET /staff/1/delete/ HTTP/1.1" 200 8997
INFO 2024-03-31 11:50:25,516 "GET /subject/list/ HTTP/1.1" 200 10809
INFO 2024-03-31 11:50:26,227 "GET /staff/list/ HTTP/1.1" 200 9528
INFO 2024-03-31 11:50:31,411 "GET /staff/list/ HTTP/1.1" 200 9558
INFO 2024-03-31 11:50:42,875 "GET /staff/list/ HTTP/1.1" 200 9540
INFO 2024-03-31 11:50:49,848 "GET /staff/list/ HTTP/1.1" 200 9558
INFO 2024-03-31 11:50:51,681 "GET /staff/create/ HTTP/1.1" 200 12262
INFO 2024-03-31 11:51:00,517 "POST /staff/create/ HTTP/1.1" 302 0
INFO 2024-03-31 11:51:00,545 "GET /staff/3/ HTTP/1.1" 200 10216
INFO 2024-03-31 11:51:02,816 "GET /staff/3/delete/ HTTP/1.1" 200 8997
INFO 2024-03-31 11:51:04,270 "GET /staff/list/ HTTP/1.1" 200 9779
INFO 2024-03-31 11:51:06,710 "GET /staff/3/ HTTP/1.1" 200 10073
INFO 2024-03-31 11:51:07,973 "GET /staff/3/delete/ HTTP/1.1" 200 8997
INFO 2024-03-31 11:51:09,215 "POST /staff/3/delete/ HTTP/1.1" 302 0
INFO 2024-03-31 11:51:09,238 "GET /staff/list/ HTTP/1.1" 200 9558
WARNING 2024-03-31 11:51:56,361 Not Found: /staff/3/delete/
WARNING 2024-03-31 11:51:56,363 "GET /staff/3/delete/ HTTP/1.1" 404 6876
WARNING 2024-03-31 11:52:00,470 Not Found: /staff/3/delete/
WARNING 2024-03-31 11:52:00,471 "GET /staff/3/delete/ HTTP/1.1" 404 6876
INFO 2024-03-31 11:52:04,790 "GET /staff/list/ HTTP/1.1" 200 9558
INFO 2024-03-31 11:52:06,078 "GET /staff/create/ HTTP/1.1" 200 12262
INFO 2024-03-31 11:52:08,694 "GET /staff/list/ HTTP/1.1" 200 9558
INFO 2024-03-31 12:05:02,719 Watching for file changes with StatReloader
INFO 2024-03-31 12:05:08,341 "GET /staff/list/ HTTP/1.1" 200 9566
INFO 2024-03-31 12:05:10,750 "GET /staff/create/ HTTP/1.1" 200 12263
INFO 2024-03-31 12:05:16,533 "POST /staff/create/ HTTP/1.1" 302 0
INFO 2024-03-31 12:05:16,580 "GET /staff/3/ HTTP/1.1" 200 10214
INFO 2024-03-31 12:05:19,110 "GET /staff/list/ HTTP/1.1" 200 9789
INFO 2024-03-31 12:06:05,216 /Users/arnavgupta/Desktop/itl/Django-School-Management-System-master/apps/staffs/models.py changed, reloading.
INFO 2024-03-31 12:06:06,253 Watching for file changes with StatReloader
INFO 2024-03-31 12:06:14,759 /Users/arnavgupta/Desktop/itl/Django-School-Management-System-master/apps/staffs/models.py changed, reloading.
INFO 2024-03-31 12:06:15,633 Watching for file changes with StatReloader
ERROR 2024-03-31 12:06:21,382 Internal Server Error: /staff/list/
Traceback (most recent call last):
  File "/Users/arnavgupta/Desktop/itl/Django-School-Management-System-master/my-env/lib/python3.9/site-packages/django/core/handlers/exception.py", line 55, in inner
    response = get_response(request)
  File "/Users/arnavgupta/Desktop/itl/Django-School-Management-System-master/my-env/lib/python3.9/site-packages/django/core/handlers/base.py", line 220, in _get_response
    response = response.render()
  File "/Users/arnavgupta/Desktop/itl/Django-School-Management-System-master/my-env/lib/python3.9/site-packages/django/template/response.py", line 114, in render
    self.content = self.rendered_content
  File "/Users/arnavgupta/Desktop/itl/Django-School-Management-System-master/my-env/lib/python3.9/site-packages/django/template/response.py", line 92, in rendered_content
    return template.render(context, self._request)
  File "/Users/arnavgupta/Desktop/itl/Django-School-Management-System-master/my-env/lib/python3.9/site-packages/django/template/backends/django.py", line 61, in render
    return self.template.render(context)
  File "/Users/arnavgupta/Desktop/itl/Django-School-Management-System-master/my-env/lib/python3.9/site-packages/django/template/base.py", line 175, in render
    return self._render(context)
  File "/Users/arnavgupta/Desktop/itl/Django-School-Management-System-master/my-env/lib/python3.9/site-packages/django/template/base.py", line 167, in _render
    return self.nodelist.render(context)
  File "/Users/arnavgupta/Desktop/itl/Django-School-Management-System-master/my-env/lib/python3.9/site-packages/django/template/base.py", line 1005, in render
    return SafeString("".join([node.render_annotated(context) for node in self]))
  File "/Users/arnavgupta/Desktop/itl/Django-School-Management-System-master/my-env/lib/python3.9/site-packages/django/template/base.py", line 1005, in <listcomp>
    return SafeString("".join([node.render_annotated(context) for node in self]))
  File "/Users/arnavgupta/Desktop/itl/Django-School-Management-System-master/my-env/lib/python3.9/site-packages/django/template/base.py", line 966, in render_annotated
    return self.render(context)
  File "/Users/arnavgupta/Desktop/itl/Django-School-Management-System-master/my-env/lib/python3.9/site-packages/django/template/loader_tags.py", line 157, in render
    return compiled_parent._render(context)
  File "/Users/arnavgupta/Desktop/itl/Django-School-Management-System-master/my-env/lib/python3.9/site-packages/django/template/base.py", line 167, in _render
    return self.nodelist.render(context)
  File "/Users/arnavgupta/Desktop/itl/Django-School-Management-System-master/my-env/lib/python3.9/site-packages/django/template/base.py", line 1005, in render
    return SafeString("".join([node.render_annotated(context) for node in self]))
  File "/Users/arnavgupta/Desktop/itl/Django-School-Management-System-master/my-env/lib/python3.9/site-packages/django/template/base.py", line 1005, in <listcomp>
    return SafeString("".join([node.render_annotated(context) for node in self]))
  File "/Users/arnavgupta/Desktop/itl/Django-School-Management-System-master/my-env/lib/python3.9/site-packages/django/template/base.py", line 966, in render_annotated
    return self.render(context)
  File "/Users/arnavgupta/Desktop/itl/Django-School-Management-System-master/my-env/lib/python3.9/site-packages/django/template/loader_tags.py", line 63, in render
    result = block.nodelist.render(context)
  File "/Users/arnavgupta/Desktop/itl/Django-School-Management-System-master/my-env/lib/python3.9/site-packages/django/template/base.py", line 1005, in render
    return SafeString("".join([node.render_annotated(context) for node in self]))
  File "/Users/arnavgupta/Desktop/itl/Django-School-Management-System-master/my-env/lib/python3.9/site-packages/django/template/base.py", line 1005, in <listcomp>
    return SafeString("".join([node.render_annotated(context) for node in self]))
  File "/Users/arnavgupta/Desktop/itl/Django-School-Management-System-master/my-env/lib/python3.9/site-packages/django/template/base.py", line 966, in render_annotated
    return self.render(context)
  File "/Users/arnavgupta/Desktop/itl/Django-School-Management-System-master/my-env/lib/python3.9/site-packages/django/template/loader_tags.py", line 63, in render
    result = block.nodelist.render(context)
  File "/Users/arnavgupta/Desktop/itl/Django-School-Management-System-master/my-env/lib/python3.9/site-packages/django/template/base.py", line 1005, in render
    return SafeString("".join([node.render_annotated(context) for node in self]))
  File "/Users/arnavgupta/Desktop/itl/Django-School-Management-System-master/my-env/lib/python3.9/site-packages/django/template/base.py", line 1005, in <listcomp>
    return SafeString("".join([node.render_annotated(context) for node in self]))
  File "/Users/arnavgupta/Desktop/itl/Django-School-Management-System-master/my-env/lib/python3.9/site-packages/django/template/base.py", line 966, in render_annotated
    return self.render(context)
  File "/Users/arnavgupta/Desktop/itl/Django-School-Management-System-master/my-env/lib/python3.9/site-packages/django/template/defaulttags.py", line 238, in render
    nodelist.append(node.render_annotated(context))
  File "/Users/arnavgupta/Desktop/itl/Django-School-Management-System-master/my-env/lib/python3.9/site-packages/django/template/base.py", line 966, in render_annotated
    return self.render(context)
  File "/Users/arnavgupta/Desktop/itl/Django-School-Management-System-master/my-env/lib/python3.9/site-packages/django/template/defaulttags.py", line 471, in render
    url = reverse(view_name, args=args, kwargs=kwargs, current_app=current_app)
  File "/Users/arnavgupta/Desktop/itl/Django-School-Management-System-master/my-env/lib/python3.9/site-packages/django/urls/base.py", line 88, in reverse
    return resolver._reverse_with_prefix(view, prefix, *args, **kwargs)
  File "/Users/arnavgupta/Desktop/itl/Django-School-Management-System-master/my-env/lib/python3.9/site-packages/django/urls/resolvers.py", line 828, in _reverse_with_prefix
    raise NoReverseMatch(msg)
django.urls.exceptions.NoReverseMatch: Reverse for 'staff-detail' with arguments '('',)' not found. 1 pattern(s) tried: ['staff/(?P<pk>[0-9]+)/\\Z']
ERROR 2024-03-31 12:06:21,387 "GET /staff/list/ HTTP/1.1" 500 204275
INFO 2024-03-31 12:06:37,540 /Users/arnavgupta/Desktop/itl/Django-School-Management-System-master/apps/staffs/models.py changed, reloading.
INFO 2024-03-31 12:06:38,288 Watching for file changes with StatReloader
ERROR 2024-03-31 12:06:39,334 Internal Server Error: /staff/list/
Traceback (most recent call last):
  File "/Users/arnavgupta/Desktop/itl/Django-School-Management-System-master/my-env/lib/python3.9/site-packages/django/core/handlers/exception.py", line 55, in inner
    response = get_response(request)
  File "/Users/arnavgupta/Desktop/itl/Django-School-Management-System-master/my-env/lib/python3.9/site-packages/django/core/handlers/base.py", line 220, in _get_response
    response = response.render()
  File "/Users/arnavgupta/Desktop/itl/Django-School-Management-System-master/my-env/lib/python3.9/site-packages/django/template/response.py", line 114, in render
    self.content = self.rendered_content
  File "/Users/arnavgupta/Desktop/itl/Django-School-Management-System-master/my-env/lib/python3.9/site-packages/django/template/response.py", line 92, in rendered_content
    return template.render(context, self._request)
  File "/Users/arnavgupta/Desktop/itl/Django-School-Management-System-master/my-env/lib/python3.9/site-packages/django/template/backends/django.py", line 61, in render
    return self.template.render(context)
  File "/Users/arnavgupta/Desktop/itl/Django-School-Management-System-master/my-env/lib/python3.9/site-packages/django/template/base.py", line 175, in render
    return self._render(context)
  File "/Users/arnavgupta/Desktop/itl/Django-School-Management-System-master/my-env/lib/python3.9/site-packages/django/template/base.py", line 167, in _render
    return self.nodelist.render(context)
  File "/Users/arnavgupta/Desktop/itl/Django-School-Management-System-master/my-env/lib/python3.9/site-packages/django/template/base.py", line 1005, in render
    return SafeString("".join([node.render_annotated(context) for node in self]))
  File "/Users/arnavgupta/Desktop/itl/Django-School-Management-System-master/my-env/lib/python3.9/site-packages/django/template/base.py", line 1005, in <listcomp>
    return SafeString("".join([node.render_annotated(context) for node in self]))
  File "/Users/arnavgupta/Desktop/itl/Django-School-Management-System-master/my-env/lib/python3.9/site-packages/django/template/base.py", line 966, in render_annotated
    return self.render(context)
  File "/Users/arnavgupta/Desktop/itl/Django-School-Management-System-master/my-env/lib/python3.9/site-packages/django/template/loader_tags.py", line 157, in render
    return compiled_parent._render(context)
  File "/Users/arnavgupta/Desktop/itl/Django-School-Management-System-master/my-env/lib/python3.9/site-packages/django/template/base.py", line 167, in _render
    return self.nodelist.render(context)
  File "/Users/arnavgupta/Desktop/itl/Django-School-Management-System-master/my-env/lib/python3.9/site-packages/django/template/base.py", line 1005, in render
    return SafeString("".join([node.render_annotated(context) for node in self]))
  File "/Users/arnavgupta/Desktop/itl/Django-School-Management-System-master/my-env/lib/python3.9/site-packages/django/template/base.py", line 1005, in <listcomp>
    return SafeString("".join([node.render_annotated(context) for node in self]))
  File "/Users/arnavgupta/Desktop/itl/Django-School-Management-System-master/my-env/lib/python3.9/site-packages/django/template/base.py", line 966, in render_annotated
    return self.render(context)
  File "/Users/arnavgupta/Desktop/itl/Django-School-Management-System-master/my-env/lib/python3.9/site-packages/django/template/loader_tags.py", line 63, in render
    result = block.nodelist.render(context)
  File "/Users/arnavgupta/Desktop/itl/Django-School-Management-System-master/my-env/lib/python3.9/site-packages/django/template/base.py", line 1005, in render
    return SafeString("".join([node.render_annotated(context) for node in self]))
  File "/Users/arnavgupta/Desktop/itl/Django-School-Management-System-master/my-env/lib/python3.9/site-packages/django/template/base.py", line 1005, in <listcomp>
    return SafeString("".join([node.render_annotated(context) for node in self]))
  File "/Users/arnavgupta/Desktop/itl/Django-School-Management-System-master/my-env/lib/python3.9/site-packages/django/template/base.py", line 966, in render_annotated
    return self.render(context)
  File "/Users/arnavgupta/Desktop/itl/Django-School-Management-System-master/my-env/lib/python3.9/site-packages/django/template/loader_tags.py", line 63, in render
    result = block.nodelist.render(context)
  File "/Users/arnavgupta/Desktop/itl/Django-School-Management-System-master/my-env/lib/python3.9/site-packages/django/template/base.py", line 1005, in render
    return SafeString("".join([node.render_annotated(context) for node in self]))
  File "/Users/arnavgupta/Desktop/itl/Django-School-Management-System-master/my-env/lib/python3.9/site-packages/django/template/base.py", line 1005, in <listcomp>
    return SafeString("".join([node.render_annotated(context) for node in self]))
  File "/Users/arnavgupta/Desktop/itl/Django-School-Management-System-master/my-env/lib/python3.9/site-packages/django/template/base.py", line 966, in render_annotated
    return self.render(context)
  File "/Users/arnavgupta/Desktop/itl/Django-School-Management-System-master/my-env/lib/python3.9/site-packages/django/template/defaulttags.py", line 238, in render
    nodelist.append(node.render_annotated(context))
  File "/Users/arnavgupta/Desktop/itl/Django-School-Management-System-master/my-env/lib/python3.9/site-packages/django/template/base.py", line 966, in render_annotated
    return self.render(context)
  File "/Users/arnavgupta/Desktop/itl/Django-School-Management-System-master/my-env/lib/python3.9/site-packages/django/template/defaulttags.py", line 471, in render
    url = reverse(view_name, args=args, kwargs=kwargs, current_app=current_app)
  File "/Users/arnavgupta/Desktop/itl/Django-School-Management-System-master/my-env/lib/python3.9/site-packages/django/urls/base.py", line 88, in reverse
    return resolver._reverse_with_prefix(view, prefix, *args, **kwargs)
  File "/Users/arnavgupta/Desktop/itl/Django-School-Management-System-master/my-env/lib/python3.9/site-packages/django/urls/resolvers.py", line 828, in _reverse_with_prefix
    raise NoReverseMatch(msg)
django.urls.exceptions.NoReverseMatch: Reverse for 'staff-detail' with arguments '('',)' not found. 1 pattern(s) tried: ['staff/(?P<pk>[0-9]+)/\\Z']
ERROR 2024-03-31 12:06:39,338 "GET /staff/list/ HTTP/1.1" 500 204275
INFO 2024-03-31 12:06:41,578 "GET / HTTP/1.1" 200 8702
ERROR 2024-03-31 12:06:43,131 Internal Server Error: /staff/list/
Traceback (most recent call last):
  File "/Users/arnavgupta/Desktop/itl/Django-School-Management-System-master/my-env/lib/python3.9/site-packages/django/core/handlers/exception.py", line 55, in inner
    response = get_response(request)
  File "/Users/arnavgupta/Desktop/itl/Django-School-Management-System-master/my-env/lib/python3.9/site-packages/django/core/handlers/base.py", line 220, in _get_response
    response = response.render()
  File "/Users/arnavgupta/Desktop/itl/Django-School-Management-System-master/my-env/lib/python3.9/site-packages/django/template/response.py", line 114, in render
    self.content = self.rendered_content
  File "/Users/arnavgupta/Desktop/itl/Django-School-Management-System-master/my-env/lib/python3.9/site-packages/django/template/response.py", line 92, in rendered_content
    return template.render(context, self._request)
  File "/Users/arnavgupta/Desktop/itl/Django-School-Management-System-master/my-env/lib/python3.9/site-packages/django/template/backends/django.py", line 61, in render
    return self.template.render(context)
  File "/Users/arnavgupta/Desktop/itl/Django-School-Management-System-master/my-env/lib/python3.9/site-packages/django/template/base.py", line 175, in render
    return self._render(context)
  File "/Users/arnavgupta/Desktop/itl/Django-School-Management-System-master/my-env/lib/python3.9/site-packages/django/template/base.py", line 167, in _render
    return self.nodelist.render(context)
  File "/Users/arnavgupta/Desktop/itl/Django-School-Management-System-master/my-env/lib/python3.9/site-packages/django/template/base.py", line 1005, in render
    return SafeString("".join([node.render_annotated(context) for node in self]))
  File "/Users/arnavgupta/Desktop/itl/Django-School-Management-System-master/my-env/lib/python3.9/site-packages/django/template/base.py", line 1005, in <listcomp>
    return SafeString("".join([node.render_annotated(context) for node in self]))
  File "/Users/arnavgupta/Desktop/itl/Django-School-Management-System-master/my-env/lib/python3.9/site-packages/django/template/base.py", line 966, in render_annotated
    return self.render(context)
  File "/Users/arnavgupta/Desktop/itl/Django-School-Management-System-master/my-env/lib/python3.9/site-packages/django/template/loader_tags.py", line 157, in render
    return compiled_parent._render(context)
  File "/Users/arnavgupta/Desktop/itl/Django-School-Management-System-master/my-env/lib/python3.9/site-packages/django/template/base.py", line 167, in _render
    return self.nodelist.render(context)
  File "/Users/arnavgupta/Desktop/itl/Django-School-Management-System-master/my-env/lib/python3.9/site-packages/django/template/base.py", line 1005, in render
    return SafeString("".join([node.render_annotated(context) for node in self]))
  File "/Users/arnavgupta/Desktop/itl/Django-School-Management-System-master/my-env/lib/python3.9/site-packages/django/template/base.py", line 1005, in <listcomp>
    return SafeString("".join([node.render_annotated(context) for node in self]))
  File "/Users/arnavgupta/Desktop/itl/Django-School-Management-System-master/my-env/lib/python3.9/site-packages/django/template/base.py", line 966, in render_annotated
    return self.render(context)
  File "/Users/arnavgupta/Desktop/itl/Django-School-Management-System-master/my-env/lib/python3.9/site-packages/django/template/loader_tags.py", line 63, in render
    result = block.nodelist.render(context)
  File "/Users/arnavgupta/Desktop/itl/Django-School-Management-System-master/my-env/lib/python3.9/site-packages/django/template/base.py", line 1005, in render
    return SafeString("".join([node.render_annotated(context) for node in self]))
  File "/Users/arnavgupta/Desktop/itl/Django-School-Management-System-master/my-env/lib/python3.9/site-packages/django/template/base.py", line 1005, in <listcomp>
    return SafeString("".join([node.render_annotated(context) for node in self]))
  File "/Users/arnavgupta/Desktop/itl/Django-School-Management-System-master/my-env/lib/python3.9/site-packages/django/template/base.py", line 966, in render_annotated
    return self.render(context)
  File "/Users/arnavgupta/Desktop/itl/Django-School-Management-System-master/my-env/lib/python3.9/site-packages/django/template/loader_tags.py", line 63, in render
    result = block.nodelist.render(context)
  File "/Users/arnavgupta/Desktop/itl/Django-School-Management-System-master/my-env/lib/python3.9/site-packages/django/template/base.py", line 1005, in render
    return SafeString("".join([node.render_annotated(context) for node in self]))
  File "/Users/arnavgupta/Desktop/itl/Django-School-Management-System-master/my-env/lib/python3.9/site-packages/django/template/base.py", line 1005, in <listcomp>
    return SafeString("".join([node.render_annotated(context) for node in self]))
  File "/Users/arnavgupta/Desktop/itl/Django-School-Management-System-master/my-env/lib/python3.9/site-packages/django/template/base.py", line 966, in render_annotated
    return self.render(context)
  File "/Users/arnavgupta/Desktop/itl/Django-School-Management-System-master/my-env/lib/python3.9/site-packages/django/template/defaulttags.py", line 238, in render
    nodelist.append(node.render_annotated(context))
  File "/Users/arnavgupta/Desktop/itl/Django-School-Management-System-master/my-env/lib/python3.9/site-packages/django/template/base.py", line 966, in render_annotated
    return self.render(context)
  File "/Users/arnavgupta/Desktop/itl/Django-School-Management-System-master/my-env/lib/python3.9/site-packages/django/template/defaulttags.py", line 471, in render
    url = reverse(view_name, args=args, kwargs=kwargs, current_app=current_app)
  File "/Users/arnavgupta/Desktop/itl/Django-School-Management-System-master/my-env/lib/python3.9/site-packages/django/urls/base.py", line 88, in reverse
    return resolver._reverse_with_prefix(view, prefix, *args, **kwargs)
  File "/Users/arnavgupta/Desktop/itl/Django-School-Management-System-master/my-env/lib/python3.9/site-packages/django/urls/resolvers.py", line 828, in _reverse_with_prefix
    raise NoReverseMatch(msg)
django.urls.exceptions.NoReverseMatch: Reverse for 'staff-detail' with arguments '('',)' not found. 1 pattern(s) tried: ['staff/(?P<pk>[0-9]+)/\\Z']
ERROR 2024-03-31 12:06:43,132 "GET /staff/list/ HTTP/1.1" 500 204130
INFO 2024-03-31 12:10:59,171 Watching for file changes with StatReloader
INFO 2024-03-31 12:11:01,594 "GET / HTTP/1.1" 200 8702
ERROR 2024-03-31 12:11:03,097 Internal Server Error: /staff/list/
Traceback (most recent call last):
  File "/Users/arnavgupta/Desktop/itl/Django-School-Management-System-master/my-env/lib/python3.9/site-packages/django/core/handlers/exception.py", line 55, in inner
    response = get_response(request)
  File "/Users/arnavgupta/Desktop/itl/Django-School-Management-System-master/my-env/lib/python3.9/site-packages/django/core/handlers/base.py", line 220, in _get_response
    response = response.render()
  File "/Users/arnavgupta/Desktop/itl/Django-School-Management-System-master/my-env/lib/python3.9/site-packages/django/template/response.py", line 114, in render
    self.content = self.rendered_content
  File "/Users/arnavgupta/Desktop/itl/Django-School-Management-System-master/my-env/lib/python3.9/site-packages/django/template/response.py", line 92, in rendered_content
    return template.render(context, self._request)
  File "/Users/arnavgupta/Desktop/itl/Django-School-Management-System-master/my-env/lib/python3.9/site-packages/django/template/backends/django.py", line 61, in render
    return self.template.render(context)
  File "/Users/arnavgupta/Desktop/itl/Django-School-Management-System-master/my-env/lib/python3.9/site-packages/django/template/base.py", line 175, in render
    return self._render(context)
  File "/Users/arnavgupta/Desktop/itl/Django-School-Management-System-master/my-env/lib/python3.9/site-packages/django/template/base.py", line 167, in _render
    return self.nodelist.render(context)
  File "/Users/arnavgupta/Desktop/itl/Django-School-Management-System-master/my-env/lib/python3.9/site-packages/django/template/base.py", line 1005, in render
    return SafeString("".join([node.render_annotated(context) for node in self]))
  File "/Users/arnavgupta/Desktop/itl/Django-School-Management-System-master/my-env/lib/python3.9/site-packages/django/template/base.py", line 1005, in <listcomp>
    return SafeString("".join([node.render_annotated(context) for node in self]))
  File "/Users/arnavgupta/Desktop/itl/Django-School-Management-System-master/my-env/lib/python3.9/site-packages/django/template/base.py", line 966, in render_annotated
    return self.render(context)
  File "/Users/arnavgupta/Desktop/itl/Django-School-Management-System-master/my-env/lib/python3.9/site-packages/django/template/loader_tags.py", line 157, in render
    return compiled_parent._render(context)
  File "/Users/arnavgupta/Desktop/itl/Django-School-Management-System-master/my-env/lib/python3.9/site-packages/django/template/base.py", line 167, in _render
    return self.nodelist.render(context)
  File "/Users/arnavgupta/Desktop/itl/Django-School-Management-System-master/my-env/lib/python3.9/site-packages/django/template/base.py", line 1005, in render
    return SafeString("".join([node.render_annotated(context) for node in self]))
  File "/Users/arnavgupta/Desktop/itl/Django-School-Management-System-master/my-env/lib/python3.9/site-packages/django/template/base.py", line 1005, in <listcomp>
    return SafeString("".join([node.render_annotated(context) for node in self]))
  File "/Users/arnavgupta/Desktop/itl/Django-School-Management-System-master/my-env/lib/python3.9/site-packages/django/template/base.py", line 966, in render_annotated
    return self.render(context)
  File "/Users/arnavgupta/Desktop/itl/Django-School-Management-System-master/my-env/lib/python3.9/site-packages/django/template/loader_tags.py", line 63, in render
    result = block.nodelist.render(context)
  File "/Users/arnavgupta/Desktop/itl/Django-School-Management-System-master/my-env/lib/python3.9/site-packages/django/template/base.py", line 1005, in render
    return SafeString("".join([node.render_annotated(context) for node in self]))
  File "/Users/arnavgupta/Desktop/itl/Django-School-Management-System-master/my-env/lib/python3.9/site-packages/django/template/base.py", line 1005, in <listcomp>
    return SafeString("".join([node.render_annotated(context) for node in self]))
  File "/Users/arnavgupta/Desktop/itl/Django-School-Management-System-master/my-env/lib/python3.9/site-packages/django/template/base.py", line 966, in render_annotated
    return self.render(context)
  File "/Users/arnavgupta/Desktop/itl/Django-School-Management-System-master/my-env/lib/python3.9/site-packages/django/template/loader_tags.py", line 63, in render
    result = block.nodelist.render(context)
  File "/Users/arnavgupta/Desktop/itl/Django-School-Management-System-master/my-env/lib/python3.9/site-packages/django/template/base.py", line 1005, in render
    return SafeString("".join([node.render_annotated(context) for node in self]))
  File "/Users/arnavgupta/Desktop/itl/Django-School-Management-System-master/my-env/lib/python3.9/site-packages/django/template/base.py", line 1005, in <listcomp>
    return SafeString("".join([node.render_annotated(context) for node in self]))
  File "/Users/arnavgupta/Desktop/itl/Django-School-Management-System-master/my-env/lib/python3.9/site-packages/django/template/base.py", line 966, in render_annotated
    return self.render(context)
  File "/Users/arnavgupta/Desktop/itl/Django-School-Management-System-master/my-env/lib/python3.9/site-packages/django/template/defaulttags.py", line 238, in render
    nodelist.append(node.render_annotated(context))
  File "/Users/arnavgupta/Desktop/itl/Django-School-Management-System-master/my-env/lib/python3.9/site-packages/django/template/base.py", line 966, in render_annotated
    return self.render(context)
  File "/Users/arnavgupta/Desktop/itl/Django-School-Management-System-master/my-env/lib/python3.9/site-packages/django/template/defaulttags.py", line 471, in render
    url = reverse(view_name, args=args, kwargs=kwargs, current_app=current_app)
  File "/Users/arnavgupta/Desktop/itl/Django-School-Management-System-master/my-env/lib/python3.9/site-packages/django/urls/base.py", line 88, in reverse
    return resolver._reverse_with_prefix(view, prefix, *args, **kwargs)
  File "/Users/arnavgupta/Desktop/itl/Django-School-Management-System-master/my-env/lib/python3.9/site-packages/django/urls/resolvers.py", line 828, in _reverse_with_prefix
    raise NoReverseMatch(msg)
django.urls.exceptions.NoReverseMatch: Reverse for 'staff-detail' with arguments '('',)' not found. 1 pattern(s) tried: ['staff/(?P<pk>[0-9]+)/\\Z']
ERROR 2024-03-31 12:11:03,101 "GET /staff/list/ HTTP/1.1" 500 204130
INFO 2024-03-31 12:11:22,579 /Users/arnavgupta/Desktop/itl/Django-School-Management-System-master/apps/staffs/models.py changed, reloading.
INFO 2024-03-31 12:11:23,589 Watching for file changes with StatReloader
INFO 2024-03-31 12:11:25,053 "GET /staff/list/ HTTP/1.1" 200 9789
INFO 2024-03-31 12:11:25,399 "GET /staff/list/ HTTP/1.1" 200 9789
INFO 2024-03-31 12:11:28,163 "GET /staff/1/ HTTP/1.1" 200 10124
INFO 2024-03-31 12:11:30,108 "GET /staff/1/delete/ HTTP/1.1" 200 8997
INFO 2024-03-31 12:11:31,311 "POST /staff/1/delete/ HTTP/1.1" 302 0
INFO 2024-03-31 12:11:31,332 "GET /staff/list/ HTTP/1.1" 200 9564
INFO 2024-03-31 12:11:34,698 "GET /staff/2/ HTTP/1.1" 200 10066
INFO 2024-03-31 12:11:35,786 "GET /staff/2/delete/ HTTP/1.1" 200 8990
INFO 2024-03-31 12:11:36,928 "POST /staff/2/delete/ HTTP/1.1" 302 0
INFO 2024-03-31 12:11:36,959 "GET /staff/list/ HTTP/1.1" 200 9346
INFO 2024-03-31 12:11:52,024 /Users/arnavgupta/Desktop/itl/Django-School-Management-System-master/apps/staffs/models.py changed, reloading.
INFO 2024-03-31 12:11:53,041 Watching for file changes with StatReloader
INFO 2024-03-31 12:12:16,166 Watching for file changes with StatReloader
ERROR 2024-03-31 12:12:19,902 Internal Server Error: /staff/list/
Traceback (most recent call last):
  File "/Users/arnavgupta/Desktop/itl/Django-School-Management-System-master/my-env/lib/python3.9/site-packages/django/core/handlers/exception.py", line 55, in inner
    response = get_response(request)
  File "/Users/arnavgupta/Desktop/itl/Django-School-Management-System-master/my-env/lib/python3.9/site-packages/django/core/handlers/base.py", line 220, in _get_response
    response = response.render()
  File "/Users/arnavgupta/Desktop/itl/Django-School-Management-System-master/my-env/lib/python3.9/site-packages/django/template/response.py", line 114, in render
    self.content = self.rendered_content
  File "/Users/arnavgupta/Desktop/itl/Django-School-Management-System-master/my-env/lib/python3.9/site-packages/django/template/response.py", line 92, in rendered_content
    return template.render(context, self._request)
  File "/Users/arnavgupta/Desktop/itl/Django-School-Management-System-master/my-env/lib/python3.9/site-packages/django/template/backends/django.py", line 61, in render
    return self.template.render(context)
  File "/Users/arnavgupta/Desktop/itl/Django-School-Management-System-master/my-env/lib/python3.9/site-packages/django/template/base.py", line 175, in render
    return self._render(context)
  File "/Users/arnavgupta/Desktop/itl/Django-School-Management-System-master/my-env/lib/python3.9/site-packages/django/template/base.py", line 167, in _render
    return self.nodelist.render(context)
  File "/Users/arnavgupta/Desktop/itl/Django-School-Management-System-master/my-env/lib/python3.9/site-packages/django/template/base.py", line 1005, in render
    return SafeString("".join([node.render_annotated(context) for node in self]))
  File "/Users/arnavgupta/Desktop/itl/Django-School-Management-System-master/my-env/lib/python3.9/site-packages/django/template/base.py", line 1005, in <listcomp>
    return SafeString("".join([node.render_annotated(context) for node in self]))
  File "/Users/arnavgupta/Desktop/itl/Django-School-Management-System-master/my-env/lib/python3.9/site-packages/django/template/base.py", line 966, in render_annotated
    return self.render(context)
  File "/Users/arnavgupta/Desktop/itl/Django-School-Management-System-master/my-env/lib/python3.9/site-packages/django/template/loader_tags.py", line 157, in render
    return compiled_parent._render(context)
  File "/Users/arnavgupta/Desktop/itl/Django-School-Management-System-master/my-env/lib/python3.9/site-packages/django/template/base.py", line 167, in _render
    return self.nodelist.render(context)
  File "/Users/arnavgupta/Desktop/itl/Django-School-Management-System-master/my-env/lib/python3.9/site-packages/django/template/base.py", line 1005, in render
    return SafeString("".join([node.render_annotated(context) for node in self]))
  File "/Users/arnavgupta/Desktop/itl/Django-School-Management-System-master/my-env/lib/python3.9/site-packages/django/template/base.py", line 1005, in <listcomp>
    return SafeString("".join([node.render_annotated(context) for node in self]))
  File "/Users/arnavgupta/Desktop/itl/Django-School-Management-System-master/my-env/lib/python3.9/site-packages/django/template/base.py", line 966, in render_annotated
    return self.render(context)
  File "/Users/arnavgupta/Desktop/itl/Django-School-Management-System-master/my-env/lib/python3.9/site-packages/django/template/loader_tags.py", line 63, in render
    result = block.nodelist.render(context)
  File "/Users/arnavgupta/Desktop/itl/Django-School-Management-System-master/my-env/lib/python3.9/site-packages/django/template/base.py", line 1005, in render
    return SafeString("".join([node.render_annotated(context) for node in self]))
  File "/Users/arnavgupta/Desktop/itl/Django-School-Management-System-master/my-env/lib/python3.9/site-packages/django/template/base.py", line 1005, in <listcomp>
    return SafeString("".join([node.render_annotated(context) for node in self]))
  File "/Users/arnavgupta/Desktop/itl/Django-School-Management-System-master/my-env/lib/python3.9/site-packages/django/template/base.py", line 966, in render_annotated
    return self.render(context)
  File "/Users/arnavgupta/Desktop/itl/Django-School-Management-System-master/my-env/lib/python3.9/site-packages/django/template/loader_tags.py", line 63, in render
    result = block.nodelist.render(context)
  File "/Users/arnavgupta/Desktop/itl/Django-School-Management-System-master/my-env/lib/python3.9/site-packages/django/template/base.py", line 1005, in render
    return SafeString("".join([node.render_annotated(context) for node in self]))
  File "/Users/arnavgupta/Desktop/itl/Django-School-Management-System-master/my-env/lib/python3.9/site-packages/django/template/base.py", line 1005, in <listcomp>
    return SafeString("".join([node.render_annotated(context) for node in self]))
  File "/Users/arnavgupta/Desktop/itl/Django-School-Management-System-master/my-env/lib/python3.9/site-packages/django/template/base.py", line 966, in render_annotated
    return self.render(context)
  File "/Users/arnavgupta/Desktop/itl/Django-School-Management-System-master/my-env/lib/python3.9/site-packages/django/template/defaulttags.py", line 238, in render
    nodelist.append(node.render_annotated(context))
  File "/Users/arnavgupta/Desktop/itl/Django-School-Management-System-master/my-env/lib/python3.9/site-packages/django/template/base.py", line 966, in render_annotated
    return self.render(context)
  File "/Users/arnavgupta/Desktop/itl/Django-School-Management-System-master/my-env/lib/python3.9/site-packages/django/template/defaulttags.py", line 471, in render
    url = reverse(view_name, args=args, kwargs=kwargs, current_app=current_app)
  File "/Users/arnavgupta/Desktop/itl/Django-School-Management-System-master/my-env/lib/python3.9/site-packages/django/urls/base.py", line 88, in reverse
    return resolver._reverse_with_prefix(view, prefix, *args, **kwargs)
  File "/Users/arnavgupta/Desktop/itl/Django-School-Management-System-master/my-env/lib/python3.9/site-packages/django/urls/resolvers.py", line 828, in _reverse_with_prefix
    raise NoReverseMatch(msg)
django.urls.exceptions.NoReverseMatch: Reverse for 'staff-detail' with arguments '('',)' not found. 1 pattern(s) tried: ['staff/(?P<pk>[0-9]+)/\\Z']
ERROR 2024-03-31 12:12:19,908 "GET /staff/list/ HTTP/1.1" 500 201882
INFO 2024-03-31 12:12:31,916 "GET / HTTP/1.1" 200 8702
ERROR 2024-03-31 12:12:33,860 Internal Server Error: /staff/list/
Traceback (most recent call last):
  File "/Users/arnavgupta/Desktop/itl/Django-School-Management-System-master/my-env/lib/python3.9/site-packages/django/core/handlers/exception.py", line 55, in inner
    response = get_response(request)
  File "/Users/arnavgupta/Desktop/itl/Django-School-Management-System-master/my-env/lib/python3.9/site-packages/django/core/handlers/base.py", line 220, in _get_response
    response = response.render()
  File "/Users/arnavgupta/Desktop/itl/Django-School-Management-System-master/my-env/lib/python3.9/site-packages/django/template/response.py", line 114, in render
    self.content = self.rendered_content
  File "/Users/arnavgupta/Desktop/itl/Django-School-Management-System-master/my-env/lib/python3.9/site-packages/django/template/response.py", line 92, in rendered_content
    return template.render(context, self._request)
  File "/Users/arnavgupta/Desktop/itl/Django-School-Management-System-master/my-env/lib/python3.9/site-packages/django/template/backends/django.py", line 61, in render
    return self.template.render(context)
  File "/Users/arnavgupta/Desktop/itl/Django-School-Management-System-master/my-env/lib/python3.9/site-packages/django/template/base.py", line 175, in render
    return self._render(context)
  File "/Users/arnavgupta/Desktop/itl/Django-School-Management-System-master/my-env/lib/python3.9/site-packages/django/template/base.py", line 167, in _render
    return self.nodelist.render(context)
  File "/Users/arnavgupta/Desktop/itl/Django-School-Management-System-master/my-env/lib/python3.9/site-packages/django/template/base.py", line 1005, in render
    return SafeString("".join([node.render_annotated(context) for node in self]))
  File "/Users/arnavgupta/Desktop/itl/Django-School-Management-System-master/my-env/lib/python3.9/site-packages/django/template/base.py", line 1005, in <listcomp>
    return SafeString("".join([node.render_annotated(context) for node in self]))
  File "/Users/arnavgupta/Desktop/itl/Django-School-Management-System-master/my-env/lib/python3.9/site-packages/django/template/base.py", line 966, in render_annotated
    return self.render(context)
  File "/Users/arnavgupta/Desktop/itl/Django-School-Management-System-master/my-env/lib/python3.9/site-packages/django/template/loader_tags.py", line 157, in render
    return compiled_parent._render(context)
  File "/Users/arnavgupta/Desktop/itl/Django-School-Management-System-master/my-env/lib/python3.9/site-packages/django/template/base.py", line 167, in _render
    return self.nodelist.render(context)
  File "/Users/arnavgupta/Desktop/itl/Django-School-Management-System-master/my-env/lib/python3.9/site-packages/django/template/base.py", line 1005, in render
    return SafeString("".join([node.render_annotated(context) for node in self]))
  File "/Users/arnavgupta/Desktop/itl/Django-School-Management-System-master/my-env/lib/python3.9/site-packages/django/template/base.py", line 1005, in <listcomp>
    return SafeString("".join([node.render_annotated(context) for node in self]))
  File "/Users/arnavgupta/Desktop/itl/Django-School-Management-System-master/my-env/lib/python3.9/site-packages/django/template/base.py", line 966, in render_annotated
    return self.render(context)
  File "/Users/arnavgupta/Desktop/itl/Django-School-Management-System-master/my-env/lib/python3.9/site-packages/django/template/loader_tags.py", line 63, in render
    result = block.nodelist.render(context)
  File "/Users/arnavgupta/Desktop/itl/Django-School-Management-System-master/my-env/lib/python3.9/site-packages/django/template/base.py", line 1005, in render
    return SafeString("".join([node.render_annotated(context) for node in self]))
  File "/Users/arnavgupta/Desktop/itl/Django-School-Management-System-master/my-env/lib/python3.9/site-packages/django/template/base.py", line 1005, in <listcomp>
    return SafeString("".join([node.render_annotated(context) for node in self]))
  File "/Users/arnavgupta/Desktop/itl/Django-School-Management-System-master/my-env/lib/python3.9/site-packages/django/template/base.py", line 966, in render_annotated
    return self.render(context)
  File "/Users/arnavgupta/Desktop/itl/Django-School-Management-System-master/my-env/lib/python3.9/site-packages/django/template/loader_tags.py", line 63, in render
    result = block.nodelist.render(context)
  File "/Users/arnavgupta/Desktop/itl/Django-School-Management-System-master/my-env/lib/python3.9/site-packages/django/template/base.py", line 1005, in render
    return SafeString("".join([node.render_annotated(context) for node in self]))
  File "/Users/arnavgupta/Desktop/itl/Django-School-Management-System-master/my-env/lib/python3.9/site-packages/django/template/base.py", line 1005, in <listcomp>
    return SafeString("".join([node.render_annotated(context) for node in self]))
  File "/Users/arnavgupta/Desktop/itl/Django-School-Management-System-master/my-env/lib/python3.9/site-packages/django/template/base.py", line 966, in render_annotated
    return self.render(context)
  File "/Users/arnavgupta/Desktop/itl/Django-School-Management-System-master/my-env/lib/python3.9/site-packages/django/template/defaulttags.py", line 238, in render
    nodelist.append(node.render_annotated(context))
  File "/Users/arnavgupta/Desktop/itl/Django-School-Management-System-master/my-env/lib/python3.9/site-packages/django/template/base.py", line 966, in render_annotated
    return self.render(context)
  File "/Users/arnavgupta/Desktop/itl/Django-School-Management-System-master/my-env/lib/python3.9/site-packages/django/template/defaulttags.py", line 471, in render
    url = reverse(view_name, args=args, kwargs=kwargs, current_app=current_app)
  File "/Users/arnavgupta/Desktop/itl/Django-School-Management-System-master/my-env/lib/python3.9/site-packages/django/urls/base.py", line 88, in reverse
    return resolver._reverse_with_prefix(view, prefix, *args, **kwargs)
  File "/Users/arnavgupta/Desktop/itl/Django-School-Management-System-master/my-env/lib/python3.9/site-packages/django/urls/resolvers.py", line 828, in _reverse_with_prefix
    raise NoReverseMatch(msg)
django.urls.exceptions.NoReverseMatch: Reverse for 'staff-detail' with arguments '('',)' not found. 1 pattern(s) tried: ['staff/(?P<pk>[0-9]+)/\\Z']
ERROR 2024-03-31 12:12:33,861 "GET /staff/list/ HTTP/1.1" 500 201730
WARNING 2024-03-31 12:14:28,918 Not Found: /staff/details
WARNING 2024-03-31 12:14:28,919 "GET /staff/details HTTP/1.1" 404 7041
ERROR 2024-03-31 12:15:52,417 Internal Server Error: /staff/list/
Traceback (most recent call last):
  File "/Users/arnavgupta/Desktop/itl/Django-School-Management-System-master/my-env/lib/python3.9/site-packages/django/core/handlers/exception.py", line 55, in inner
    response = get_response(request)
  File "/Users/arnavgupta/Desktop/itl/Django-School-Management-System-master/my-env/lib/python3.9/site-packages/django/core/handlers/base.py", line 220, in _get_response
    response = response.render()
  File "/Users/arnavgupta/Desktop/itl/Django-School-Management-System-master/my-env/lib/python3.9/site-packages/django/template/response.py", line 114, in render
    self.content = self.rendered_content
  File "/Users/arnavgupta/Desktop/itl/Django-School-Management-System-master/my-env/lib/python3.9/site-packages/django/template/response.py", line 92, in rendered_content
    return template.render(context, self._request)
  File "/Users/arnavgupta/Desktop/itl/Django-School-Management-System-master/my-env/lib/python3.9/site-packages/django/template/backends/django.py", line 61, in render
    return self.template.render(context)
  File "/Users/arnavgupta/Desktop/itl/Django-School-Management-System-master/my-env/lib/python3.9/site-packages/django/template/base.py", line 175, in render
    return self._render(context)
  File "/Users/arnavgupta/Desktop/itl/Django-School-Management-System-master/my-env/lib/python3.9/site-packages/django/template/base.py", line 167, in _render
    return self.nodelist.render(context)
  File "/Users/arnavgupta/Desktop/itl/Django-School-Management-System-master/my-env/lib/python3.9/site-packages/django/template/base.py", line 1005, in render
    return SafeString("".join([node.render_annotated(context) for node in self]))
  File "/Users/arnavgupta/Desktop/itl/Django-School-Management-System-master/my-env/lib/python3.9/site-packages/django/template/base.py", line 1005, in <listcomp>
    return SafeString("".join([node.render_annotated(context) for node in self]))
  File "/Users/arnavgupta/Desktop/itl/Django-School-Management-System-master/my-env/lib/python3.9/site-packages/django/template/base.py", line 966, in render_annotated
    return self.render(context)
  File "/Users/arnavgupta/Desktop/itl/Django-School-Management-System-master/my-env/lib/python3.9/site-packages/django/template/loader_tags.py", line 157, in render
    return compiled_parent._render(context)
  File "/Users/arnavgupta/Desktop/itl/Django-School-Management-System-master/my-env/lib/python3.9/site-packages/django/template/base.py", line 167, in _render
    return self.nodelist.render(context)
  File "/Users/arnavgupta/Desktop/itl/Django-School-Management-System-master/my-env/lib/python3.9/site-packages/django/template/base.py", line 1005, in render
    return SafeString("".join([node.render_annotated(context) for node in self]))
  File "/Users/arnavgupta/Desktop/itl/Django-School-Management-System-master/my-env/lib/python3.9/site-packages/django/template/base.py", line 1005, in <listcomp>
    return SafeString("".join([node.render_annotated(context) for node in self]))
  File "/Users/arnavgupta/Desktop/itl/Django-School-Management-System-master/my-env/lib/python3.9/site-packages/django/template/base.py", line 966, in render_annotated
    return self.render(context)
  File "/Users/arnavgupta/Desktop/itl/Django-School-Management-System-master/my-env/lib/python3.9/site-packages/django/template/loader_tags.py", line 63, in render
    result = block.nodelist.render(context)
  File "/Users/arnavgupta/Desktop/itl/Django-School-Management-System-master/my-env/lib/python3.9/site-packages/django/template/base.py", line 1005, in render
    return SafeString("".join([node.render_annotated(context) for node in self]))
  File "/Users/arnavgupta/Desktop/itl/Django-School-Management-System-master/my-env/lib/python3.9/site-packages/django/template/base.py", line 1005, in <listcomp>
    return SafeString("".join([node.render_annotated(context) for node in self]))
  File "/Users/arnavgupta/Desktop/itl/Django-School-Management-System-master/my-env/lib/python3.9/site-packages/django/template/base.py", line 966, in render_annotated
    return self.render(context)
  File "/Users/arnavgupta/Desktop/itl/Django-School-Management-System-master/my-env/lib/python3.9/site-packages/django/template/loader_tags.py", line 63, in render
    result = block.nodelist.render(context)
  File "/Users/arnavgupta/Desktop/itl/Django-School-Management-System-master/my-env/lib/python3.9/site-packages/django/template/base.py", line 1005, in render
    return SafeString("".join([node.render_annotated(context) for node in self]))
  File "/Users/arnavgupta/Desktop/itl/Django-School-Management-System-master/my-env/lib/python3.9/site-packages/django/template/base.py", line 1005, in <listcomp>
    return SafeString("".join([node.render_annotated(context) for node in self]))
  File "/Users/arnavgupta/Desktop/itl/Django-School-Management-System-master/my-env/lib/python3.9/site-packages/django/template/base.py", line 966, in render_annotated
    return self.render(context)
  File "/Users/arnavgupta/Desktop/itl/Django-School-Management-System-master/my-env/lib/python3.9/site-packages/django/template/defaulttags.py", line 238, in render
    nodelist.append(node.render_annotated(context))
  File "/Users/arnavgupta/Desktop/itl/Django-School-Management-System-master/my-env/lib/python3.9/site-packages/django/template/base.py", line 966, in render_annotated
    return self.render(context)
  File "/Users/arnavgupta/Desktop/itl/Django-School-Management-System-master/my-env/lib/python3.9/site-packages/django/template/defaulttags.py", line 471, in render
    url = reverse(view_name, args=args, kwargs=kwargs, current_app=current_app)
  File "/Users/arnavgupta/Desktop/itl/Django-School-Management-System-master/my-env/lib/python3.9/site-packages/django/urls/base.py", line 88, in reverse
    return resolver._reverse_with_prefix(view, prefix, *args, **kwargs)
  File "/Users/arnavgupta/Desktop/itl/Django-School-Management-System-master/my-env/lib/python3.9/site-packages/django/urls/resolvers.py", line 828, in _reverse_with_prefix
    raise NoReverseMatch(msg)
django.urls.exceptions.NoReverseMatch: Reverse for 'staff-detail' with arguments '('',)' not found. 1 pattern(s) tried: ['staff/(?P<pk>[0-9]+)/\\Z']
ERROR 2024-03-31 12:15:52,420 "GET /staff/list/ HTTP/1.1" 500 201867
ERROR 2024-03-31 12:16:06,813 Internal Server Error: /staff/list/
Traceback (most recent call last):
  File "/Users/arnavgupta/Desktop/itl/Django-School-Management-System-master/my-env/lib/python3.9/site-packages/django/core/handlers/exception.py", line 55, in inner
    response = get_response(request)
  File "/Users/arnavgupta/Desktop/itl/Django-School-Management-System-master/my-env/lib/python3.9/site-packages/django/core/handlers/base.py", line 220, in _get_response
    response = response.render()
  File "/Users/arnavgupta/Desktop/itl/Django-School-Management-System-master/my-env/lib/python3.9/site-packages/django/template/response.py", line 114, in render
    self.content = self.rendered_content
  File "/Users/arnavgupta/Desktop/itl/Django-School-Management-System-master/my-env/lib/python3.9/site-packages/django/template/response.py", line 92, in rendered_content
    return template.render(context, self._request)
  File "/Users/arnavgupta/Desktop/itl/Django-School-Management-System-master/my-env/lib/python3.9/site-packages/django/template/backends/django.py", line 61, in render
    return self.template.render(context)
  File "/Users/arnavgupta/Desktop/itl/Django-School-Management-System-master/my-env/lib/python3.9/site-packages/django/template/base.py", line 175, in render
    return self._render(context)
  File "/Users/arnavgupta/Desktop/itl/Django-School-Management-System-master/my-env/lib/python3.9/site-packages/django/template/base.py", line 167, in _render
    return self.nodelist.render(context)
  File "/Users/arnavgupta/Desktop/itl/Django-School-Management-System-master/my-env/lib/python3.9/site-packages/django/template/base.py", line 1005, in render
    return SafeString("".join([node.render_annotated(context) for node in self]))
  File "/Users/arnavgupta/Desktop/itl/Django-School-Management-System-master/my-env/lib/python3.9/site-packages/django/template/base.py", line 1005, in <listcomp>
    return SafeString("".join([node.render_annotated(context) for node in self]))
  File "/Users/arnavgupta/Desktop/itl/Django-School-Management-System-master/my-env/lib/python3.9/site-packages/django/template/base.py", line 966, in render_annotated
    return self.render(context)
  File "/Users/arnavgupta/Desktop/itl/Django-School-Management-System-master/my-env/lib/python3.9/site-packages/django/template/loader_tags.py", line 157, in render
    return compiled_parent._render(context)
  File "/Users/arnavgupta/Desktop/itl/Django-School-Management-System-master/my-env/lib/python3.9/site-packages/django/template/base.py", line 167, in _render
    return self.nodelist.render(context)
  File "/Users/arnavgupta/Desktop/itl/Django-School-Management-System-master/my-env/lib/python3.9/site-packages/django/template/base.py", line 1005, in render
    return SafeString("".join([node.render_annotated(context) for node in self]))
  File "/Users/arnavgupta/Desktop/itl/Django-School-Management-System-master/my-env/lib/python3.9/site-packages/django/template/base.py", line 1005, in <listcomp>
    return SafeString("".join([node.render_annotated(context) for node in self]))
  File "/Users/arnavgupta/Desktop/itl/Django-School-Management-System-master/my-env/lib/python3.9/site-packages/django/template/base.py", line 966, in render_annotated
    return self.render(context)
  File "/Users/arnavgupta/Desktop/itl/Django-School-Management-System-master/my-env/lib/python3.9/site-packages/django/template/loader_tags.py", line 63, in render
    result = block.nodelist.render(context)
  File "/Users/arnavgupta/Desktop/itl/Django-School-Management-System-master/my-env/lib/python3.9/site-packages/django/template/base.py", line 1005, in render
    return SafeString("".join([node.render_annotated(context) for node in self]))
  File "/Users/arnavgupta/Desktop/itl/Django-School-Management-System-master/my-env/lib/python3.9/site-packages/django/template/base.py", line 1005, in <listcomp>
    return SafeString("".join([node.render_annotated(context) for node in self]))
  File "/Users/arnavgupta/Desktop/itl/Django-School-Management-System-master/my-env/lib/python3.9/site-packages/django/template/base.py", line 966, in render_annotated
    return self.render(context)
  File "/Users/arnavgupta/Desktop/itl/Django-School-Management-System-master/my-env/lib/python3.9/site-packages/django/template/loader_tags.py", line 63, in render
    result = block.nodelist.render(context)
  File "/Users/arnavgupta/Desktop/itl/Django-School-Management-System-master/my-env/lib/python3.9/site-packages/django/template/base.py", line 1005, in render
    return SafeString("".join([node.render_annotated(context) for node in self]))
  File "/Users/arnavgupta/Desktop/itl/Django-School-Management-System-master/my-env/lib/python3.9/site-packages/django/template/base.py", line 1005, in <listcomp>
    return SafeString("".join([node.render_annotated(context) for node in self]))
  File "/Users/arnavgupta/Desktop/itl/Django-School-Management-System-master/my-env/lib/python3.9/site-packages/django/template/base.py", line 966, in render_annotated
    return self.render(context)
  File "/Users/arnavgupta/Desktop/itl/Django-School-Management-System-master/my-env/lib/python3.9/site-packages/django/template/defaulttags.py", line 238, in render
    nodelist.append(node.render_annotated(context))
  File "/Users/arnavgupta/Desktop/itl/Django-School-Management-System-master/my-env/lib/python3.9/site-packages/django/template/base.py", line 966, in render_annotated
    return self.render(context)
  File "/Users/arnavgupta/Desktop/itl/Django-School-Management-System-master/my-env/lib/python3.9/site-packages/django/template/defaulttags.py", line 471, in render
    url = reverse(view_name, args=args, kwargs=kwargs, current_app=current_app)
  File "/Users/arnavgupta/Desktop/itl/Django-School-Management-System-master/my-env/lib/python3.9/site-packages/django/urls/base.py", line 88, in reverse
    return resolver._reverse_with_prefix(view, prefix, *args, **kwargs)
  File "/Users/arnavgupta/Desktop/itl/Django-School-Management-System-master/my-env/lib/python3.9/site-packages/django/urls/resolvers.py", line 828, in _reverse_with_prefix
    raise NoReverseMatch(msg)
django.urls.exceptions.NoReverseMatch: Reverse for 'staff-detail' with no arguments not found. 1 pattern(s) tried: ['staff/(?P<pk>[0-9]+)/\\Z']
ERROR 2024-03-31 12:16:06,814 "GET /staff/list/ HTTP/1.1" 500 200422
INFO 2024-03-31 12:16:24,770 /Users/arnavgupta/Desktop/itl/Django-School-Management-System-master/apps/staffs/models.py changed, reloading.
INFO 2024-03-31 12:16:25,808 Watching for file changes with StatReloader
ERROR 2024-03-31 12:16:28,409 Internal Server Error: /staff/list/
Traceback (most recent call last):
  File "/Users/arnavgupta/Desktop/itl/Django-School-Management-System-master/my-env/lib/python3.9/site-packages/django/db/backends/utils.py", line 89, in _execute
    return self.cursor.execute(sql, params)
  File "/Users/arnavgupta/Desktop/itl/Django-School-Management-System-master/my-env/lib/python3.9/site-packages/django/db/backends/sqlite3/base.py", line 328, in execute
    return super().execute(query, params)
sqlite3.OperationalError: no such column: staffs_staff.id

The above exception was the direct cause of the following exception:

Traceback (most recent call last):
  File "/Users/arnavgupta/Desktop/itl/Django-School-Management-System-master/my-env/lib/python3.9/site-packages/django/core/handlers/exception.py", line 55, in inner
    response = get_response(request)
  File "/Users/arnavgupta/Desktop/itl/Django-School-Management-System-master/my-env/lib/python3.9/site-packages/django/core/handlers/base.py", line 220, in _get_response
    response = response.render()
  File "/Users/arnavgupta/Desktop/itl/Django-School-Management-System-master/my-env/lib/python3.9/site-packages/django/template/response.py", line 114, in render
    self.content = self.rendered_content
  File "/Users/arnavgupta/Desktop/itl/Django-School-Management-System-master/my-env/lib/python3.9/site-packages/django/template/response.py", line 92, in rendered_content
    return template.render(context, self._request)
  File "/Users/arnavgupta/Desktop/itl/Django-School-Management-System-master/my-env/lib/python3.9/site-packages/django/template/backends/django.py", line 61, in render
    return self.template.render(context)
  File "/Users/arnavgupta/Desktop/itl/Django-School-Management-System-master/my-env/lib/python3.9/site-packages/django/template/base.py", line 175, in render
    return self._render(context)
  File "/Users/arnavgupta/Desktop/itl/Django-School-Management-System-master/my-env/lib/python3.9/site-packages/django/template/base.py", line 167, in _render
    return self.nodelist.render(context)
  File "/Users/arnavgupta/Desktop/itl/Django-School-Management-System-master/my-env/lib/python3.9/site-packages/django/template/base.py", line 1005, in render
    return SafeString("".join([node.render_annotated(context) for node in self]))
  File "/Users/arnavgupta/Desktop/itl/Django-School-Management-System-master/my-env/lib/python3.9/site-packages/django/template/base.py", line 1005, in <listcomp>
    return SafeString("".join([node.render_annotated(context) for node in self]))
  File "/Users/arnavgupta/Desktop/itl/Django-School-Management-System-master/my-env/lib/python3.9/site-packages/django/template/base.py", line 966, in render_annotated
    return self.render(context)
  File "/Users/arnavgupta/Desktop/itl/Django-School-Management-System-master/my-env/lib/python3.9/site-packages/django/template/loader_tags.py", line 157, in render
    return compiled_parent._render(context)
  File "/Users/arnavgupta/Desktop/itl/Django-School-Management-System-master/my-env/lib/python3.9/site-packages/django/template/base.py", line 167, in _render
    return self.nodelist.render(context)
  File "/Users/arnavgupta/Desktop/itl/Django-School-Management-System-master/my-env/lib/python3.9/site-packages/django/template/base.py", line 1005, in render
    return SafeString("".join([node.render_annotated(context) for node in self]))
  File "/Users/arnavgupta/Desktop/itl/Django-School-Management-System-master/my-env/lib/python3.9/site-packages/django/template/base.py", line 1005, in <listcomp>
    return SafeString("".join([node.render_annotated(context) for node in self]))
  File "/Users/arnavgupta/Desktop/itl/Django-School-Management-System-master/my-env/lib/python3.9/site-packages/django/template/base.py", line 966, in render_annotated
    return self.render(context)
  File "/Users/arnavgupta/Desktop/itl/Django-School-Management-System-master/my-env/lib/python3.9/site-packages/django/template/loader_tags.py", line 63, in render
    result = block.nodelist.render(context)
  File "/Users/arnavgupta/Desktop/itl/Django-School-Management-System-master/my-env/lib/python3.9/site-packages/django/template/base.py", line 1005, in render
    return SafeString("".join([node.render_annotated(context) for node in self]))
  File "/Users/arnavgupta/Desktop/itl/Django-School-Management-System-master/my-env/lib/python3.9/site-packages/django/template/base.py", line 1005, in <listcomp>
    return SafeString("".join([node.render_annotated(context) for node in self]))
  File "/Users/arnavgupta/Desktop/itl/Django-School-Management-System-master/my-env/lib/python3.9/site-packages/django/template/base.py", line 966, in render_annotated
    return self.render(context)
  File "/Users/arnavgupta/Desktop/itl/Django-School-Management-System-master/my-env/lib/python3.9/site-packages/django/template/loader_tags.py", line 63, in render
    result = block.nodelist.render(context)
  File "/Users/arnavgupta/Desktop/itl/Django-School-Management-System-master/my-env/lib/python3.9/site-packages/django/template/base.py", line 1005, in render
    return SafeString("".join([node.render_annotated(context) for node in self]))
  File "/Users/arnavgupta/Desktop/itl/Django-School-Management-System-master/my-env/lib/python3.9/site-packages/django/template/base.py", line 1005, in <listcomp>
    return SafeString("".join([node.render_annotated(context) for node in self]))
  File "/Users/arnavgupta/Desktop/itl/Django-School-Management-System-master/my-env/lib/python3.9/site-packages/django/template/base.py", line 966, in render_annotated
    return self.render(context)
  File "/Users/arnavgupta/Desktop/itl/Django-School-Management-System-master/my-env/lib/python3.9/site-packages/django/template/defaulttags.py", line 194, in render
    len_values = len(values)
  File "/Users/arnavgupta/Desktop/itl/Django-School-Management-System-master/my-env/lib/python3.9/site-packages/django/db/models/query.py", line 380, in __len__
    self._fetch_all()
  File "/Users/arnavgupta/Desktop/itl/Django-School-Management-System-master/my-env/lib/python3.9/site-packages/django/db/models/query.py", line 1881, in _fetch_all
    self._result_cache = list(self._iterable_class(self))
  File "/Users/arnavgupta/Desktop/itl/Django-School-Management-System-master/my-env/lib/python3.9/site-packages/django/db/models/query.py", line 91, in __iter__
    results = compiler.execute_sql(
  File "/Users/arnavgupta/Desktop/itl/Django-School-Management-System-master/my-env/lib/python3.9/site-packages/django/db/models/sql/compiler.py", line 1562, in execute_sql
    cursor.execute(sql, params)
  File "/Users/arnavgupta/Desktop/itl/Django-School-Management-System-master/my-env/lib/python3.9/site-packages/django/db/backends/utils.py", line 102, in execute
    return super().execute(sql, params)
  File "/Users/arnavgupta/Desktop/itl/Django-School-Management-System-master/my-env/lib/python3.9/site-packages/django/db/backends/utils.py", line 67, in execute
    return self._execute_with_wrappers(
  File "/Users/arnavgupta/Desktop/itl/Django-School-Management-System-master/my-env/lib/python3.9/site-packages/django/db/backends/utils.py", line 80, in _execute_with_wrappers
    return executor(sql, params, many, context)
  File "/Users/arnavgupta/Desktop/itl/Django-School-Management-System-master/my-env/lib/python3.9/site-packages/django/db/backends/utils.py", line 89, in _execute
    return self.cursor.execute(sql, params)
  File "/Users/arnavgupta/Desktop/itl/Django-School-Management-System-master/my-env/lib/python3.9/site-packages/django/db/utils.py", line 91, in __exit__
    raise dj_exc_value.with_traceback(traceback) from exc_value
  File "/Users/arnavgupta/Desktop/itl/Django-School-Management-System-master/my-env/lib/python3.9/site-packages/django/db/backends/utils.py", line 89, in _execute
    return self.cursor.execute(sql, params)
  File "/Users/arnavgupta/Desktop/itl/Django-School-Management-System-master/my-env/lib/python3.9/site-packages/django/db/backends/sqlite3/base.py", line 328, in execute
    return super().execute(query, params)
django.db.utils.OperationalError: no such column: staffs_staff.id
ERROR 2024-03-31 12:16:28,422 "GET /staff/list/ HTTP/1.1" 500 234344
INFO 2024-03-31 12:20:06,956 Watching for file changes with StatReloader
INFO 2024-03-31 12:20:08,566 "GET / HTTP/1.1" 200 8702
INFO 2024-03-31 12:20:09,950 "GET /staff/list/ HTTP/1.1" 200 9344
INFO 2024-03-31 12:20:18,589 "GET /staff/create/ HTTP/1.1" 200 12263
INFO 2024-03-31 12:20:43,494 Watching for file changes with StatReloader
INFO 2024-03-31 12:20:46,100 "GET /staff/list/ HTTP/1.1" 200 9344
INFO 2024-03-31 12:20:50,351 "GET /staff/create/ HTTP/1.1" 200 12263
INFO 2024-03-31 12:20:52,758 "GET /staff/create/ HTTP/1.1" 200 12263
INFO 2024-03-31 12:20:53,697 "GET /staff/list/ HTTP/1.1" 200 9344
INFO 2024-03-31 12:52:46,591 Watching for file changes with StatReloader
INFO 2024-03-31 12:52:49,047 "GET /subject/list/ HTTP/1.1" 200 10809
INFO 2024-03-31 12:56:51,765 /Users/arnavgupta/Desktop/itl/Django-School-Management-System-master/apps/corecode/forms.py changed, reloading.
INFO 2024-03-31 12:56:52,837 Watching for file changes with StatReloader
INFO 2024-03-31 13:00:29,365 Watching for file changes with StatReloader
INFO 2024-03-31 13:00:35,519 "GET /subject/list/ HTTP/1.1" 200 10809
INFO 2024-03-31 13:10:00,162 "GET /staff/create/ HTTP/1.1" 200 12263
INFO 2024-03-31 13:10:04,566 "GET /subject/list/ HTTP/1.1" 200 10809
INFO 2024-03-31 13:11:25,432 "GET /staff/list/ HTTP/1.1" 200 9344
INFO 2024-03-31 13:14:17,286 "GET /staff/list/ HTTP/1.1" 200 9344
INFO 2024-03-31 13:14:19,841 "GET /subject/list/ HTTP/1.1" 200 10659
INFO 2024-03-31 13:14:42,400 Watching for file changes with StatReloader
INFO 2024-03-31 13:14:45,209 "GET /subject/list/ HTTP/1.1" 200 10659
INFO 2024-03-31 13:15:26,083 "GET /subject/list/ HTTP/1.1" 200 10659
INFO 2024-03-31 13:15:37,887 "GET /subject/list/ HTTP/1.1" 200 10659
INFO 2024-03-31 13:17:37,118 /Users/arnavgupta/Desktop/itl/Django-School-Management-System-master/apps/corecode/views.py changed, reloading.
INFO 2024-03-31 13:17:38,344 Watching for file changes with StatReloader
INFO 2024-03-31 13:17:49,055 /Users/arnavgupta/Desktop/itl/Django-School-Management-System-master/apps/corecode/views.py changed, reloading.
INFO 2024-03-31 13:17:49,650 Watching for file changes with StatReloader
INFO 2024-03-31 13:17:53,417 "GET /subject/list/ HTTP/1.1" 200 10659
INFO 2024-03-31 13:20:51,875 "GET /subject/list/ HTTP/1.1" 200 10853
INFO 2024-03-31 13:20:59,572 "GET /staff/list/ HTTP/1.1" 200 9344
INFO 2024-03-31 13:21:01,194 "GET /staff/create/ HTTP/1.1" 200 12263
INFO 2024-03-31 13:21:12,511 "POST /staff/create/ HTTP/1.1" 200 12441
INFO 2024-03-31 13:21:15,733 "POST /staff/create/ HTTP/1.1" 302 0
ERROR 2024-03-31 13:21:15,905 Internal Server Error: /staff/22/
Traceback (most recent call last):
  File "/Users/arnavgupta/Desktop/itl/Django-School-Management-System-master/my-env/lib/python3.9/site-packages/django/core/handlers/exception.py", line 55, in inner
    response = get_response(request)
  File "/Users/arnavgupta/Desktop/itl/Django-School-Management-System-master/my-env/lib/python3.9/site-packages/django/core/handlers/base.py", line 220, in _get_response
    response = response.render()
  File "/Users/arnavgupta/Desktop/itl/Django-School-Management-System-master/my-env/lib/python3.9/site-packages/django/template/response.py", line 114, in render
    self.content = self.rendered_content
  File "/Users/arnavgupta/Desktop/itl/Django-School-Management-System-master/my-env/lib/python3.9/site-packages/django/template/response.py", line 92, in rendered_content
    return template.render(context, self._request)
  File "/Users/arnavgupta/Desktop/itl/Django-School-Management-System-master/my-env/lib/python3.9/site-packages/django/template/backends/django.py", line 61, in render
    return self.template.render(context)
  File "/Users/arnavgupta/Desktop/itl/Django-School-Management-System-master/my-env/lib/python3.9/site-packages/django/template/base.py", line 175, in render
    return self._render(context)
  File "/Users/arnavgupta/Desktop/itl/Django-School-Management-System-master/my-env/lib/python3.9/site-packages/django/template/base.py", line 167, in _render
    return self.nodelist.render(context)
  File "/Users/arnavgupta/Desktop/itl/Django-School-Management-System-master/my-env/lib/python3.9/site-packages/django/template/base.py", line 1005, in render
    return SafeString("".join([node.render_annotated(context) for node in self]))
  File "/Users/arnavgupta/Desktop/itl/Django-School-Management-System-master/my-env/lib/python3.9/site-packages/django/template/base.py", line 1005, in <listcomp>
    return SafeString("".join([node.render_annotated(context) for node in self]))
  File "/Users/arnavgupta/Desktop/itl/Django-School-Management-System-master/my-env/lib/python3.9/site-packages/django/template/base.py", line 966, in render_annotated
    return self.render(context)
  File "/Users/arnavgupta/Desktop/itl/Django-School-Management-System-master/my-env/lib/python3.9/site-packages/django/template/loader_tags.py", line 157, in render
    return compiled_parent._render(context)
  File "/Users/arnavgupta/Desktop/itl/Django-School-Management-System-master/my-env/lib/python3.9/site-packages/django/template/base.py", line 167, in _render
    return self.nodelist.render(context)
  File "/Users/arnavgupta/Desktop/itl/Django-School-Management-System-master/my-env/lib/python3.9/site-packages/django/template/base.py", line 1005, in render
    return SafeString("".join([node.render_annotated(context) for node in self]))
  File "/Users/arnavgupta/Desktop/itl/Django-School-Management-System-master/my-env/lib/python3.9/site-packages/django/template/base.py", line 1005, in <listcomp>
    return SafeString("".join([node.render_annotated(context) for node in self]))
  File "/Users/arnavgupta/Desktop/itl/Django-School-Management-System-master/my-env/lib/python3.9/site-packages/django/template/base.py", line 966, in render_annotated
    return self.render(context)
  File "/Users/arnavgupta/Desktop/itl/Django-School-Management-System-master/my-env/lib/python3.9/site-packages/django/template/loader_tags.py", line 63, in render
    result = block.nodelist.render(context)
  File "/Users/arnavgupta/Desktop/itl/Django-School-Management-System-master/my-env/lib/python3.9/site-packages/django/template/base.py", line 1005, in render
    return SafeString("".join([node.render_annotated(context) for node in self]))
  File "/Users/arnavgupta/Desktop/itl/Django-School-Management-System-master/my-env/lib/python3.9/site-packages/django/template/base.py", line 1005, in <listcomp>
    return SafeString("".join([node.render_annotated(context) for node in self]))
  File "/Users/arnavgupta/Desktop/itl/Django-School-Management-System-master/my-env/lib/python3.9/site-packages/django/template/base.py", line 966, in render_annotated
    return self.render(context)
  File "/Users/arnavgupta/Desktop/itl/Django-School-Management-System-master/my-env/lib/python3.9/site-packages/django/template/loader_tags.py", line 63, in render
    result = block.nodelist.render(context)
  File "/Users/arnavgupta/Desktop/itl/Django-School-Management-System-master/my-env/lib/python3.9/site-packages/django/template/base.py", line 1005, in render
    return SafeString("".join([node.render_annotated(context) for node in self]))
  File "/Users/arnavgupta/Desktop/itl/Django-School-Management-System-master/my-env/lib/python3.9/site-packages/django/template/base.py", line 1005, in <listcomp>
    return SafeString("".join([node.render_annotated(context) for node in self]))
  File "/Users/arnavgupta/Desktop/itl/Django-School-Management-System-master/my-env/lib/python3.9/site-packages/django/template/base.py", line 966, in render_annotated
    return self.render(context)
  File "/Users/arnavgupta/Desktop/itl/Django-School-Management-System-master/my-env/lib/python3.9/site-packages/django/template/defaulttags.py", line 471, in render
    url = reverse(view_name, args=args, kwargs=kwargs, current_app=current_app)
  File "/Users/arnavgupta/Desktop/itl/Django-School-Management-System-master/my-env/lib/python3.9/site-packages/django/urls/base.py", line 88, in reverse
    return resolver._reverse_with_prefix(view, prefix, *args, **kwargs)
  File "/Users/arnavgupta/Desktop/itl/Django-School-Management-System-master/my-env/lib/python3.9/site-packages/django/urls/resolvers.py", line 828, in _reverse_with_prefix
    raise NoReverseMatch(msg)
django.urls.exceptions.NoReverseMatch: Reverse for 'staff-update' with arguments '('',)' not found. 1 pattern(s) tried: ['staff/(?P<pk>[0-9]+)/update/\\Z']
ERROR 2024-03-31 13:21:15,914 "GET /staff/22/ HTTP/1.1" 500 190155
ERROR 2024-03-31 13:23:28,233 Internal Server Error: /staff/22/
Traceback (most recent call last):
  File "/Users/arnavgupta/Desktop/itl/Django-School-Management-System-master/my-env/lib/python3.9/site-packages/django/core/handlers/exception.py", line 55, in inner
    response = get_response(request)
  File "/Users/arnavgupta/Desktop/itl/Django-School-Management-System-master/my-env/lib/python3.9/site-packages/django/core/handlers/base.py", line 220, in _get_response
    response = response.render()
  File "/Users/arnavgupta/Desktop/itl/Django-School-Management-System-master/my-env/lib/python3.9/site-packages/django/template/response.py", line 114, in render
    self.content = self.rendered_content
  File "/Users/arnavgupta/Desktop/itl/Django-School-Management-System-master/my-env/lib/python3.9/site-packages/django/template/response.py", line 92, in rendered_content
    return template.render(context, self._request)
  File "/Users/arnavgupta/Desktop/itl/Django-School-Management-System-master/my-env/lib/python3.9/site-packages/django/template/backends/django.py", line 61, in render
    return self.template.render(context)
  File "/Users/arnavgupta/Desktop/itl/Django-School-Management-System-master/my-env/lib/python3.9/site-packages/django/template/base.py", line 175, in render
    return self._render(context)
  File "/Users/arnavgupta/Desktop/itl/Django-School-Management-System-master/my-env/lib/python3.9/site-packages/django/template/base.py", line 167, in _render
    return self.nodelist.render(context)
  File "/Users/arnavgupta/Desktop/itl/Django-School-Management-System-master/my-env/lib/python3.9/site-packages/django/template/base.py", line 1005, in render
    return SafeString("".join([node.render_annotated(context) for node in self]))
  File "/Users/arnavgupta/Desktop/itl/Django-School-Management-System-master/my-env/lib/python3.9/site-packages/django/template/base.py", line 1005, in <listcomp>
    return SafeString("".join([node.render_annotated(context) for node in self]))
  File "/Users/arnavgupta/Desktop/itl/Django-School-Management-System-master/my-env/lib/python3.9/site-packages/django/template/base.py", line 966, in render_annotated
    return self.render(context)
  File "/Users/arnavgupta/Desktop/itl/Django-School-Management-System-master/my-env/lib/python3.9/site-packages/django/template/loader_tags.py", line 157, in render
    return compiled_parent._render(context)
  File "/Users/arnavgupta/Desktop/itl/Django-School-Management-System-master/my-env/lib/python3.9/site-packages/django/template/base.py", line 167, in _render
    return self.nodelist.render(context)
  File "/Users/arnavgupta/Desktop/itl/Django-School-Management-System-master/my-env/lib/python3.9/site-packages/django/template/base.py", line 1005, in render
    return SafeString("".join([node.render_annotated(context) for node in self]))
  File "/Users/arnavgupta/Desktop/itl/Django-School-Management-System-master/my-env/lib/python3.9/site-packages/django/template/base.py", line 1005, in <listcomp>
    return SafeString("".join([node.render_annotated(context) for node in self]))
  File "/Users/arnavgupta/Desktop/itl/Django-School-Management-System-master/my-env/lib/python3.9/site-packages/django/template/base.py", line 966, in render_annotated
    return self.render(context)
  File "/Users/arnavgupta/Desktop/itl/Django-School-Management-System-master/my-env/lib/python3.9/site-packages/django/template/loader_tags.py", line 63, in render
    result = block.nodelist.render(context)
  File "/Users/arnavgupta/Desktop/itl/Django-School-Management-System-master/my-env/lib/python3.9/site-packages/django/template/base.py", line 1005, in render
    return SafeString("".join([node.render_annotated(context) for node in self]))
  File "/Users/arnavgupta/Desktop/itl/Django-School-Management-System-master/my-env/lib/python3.9/site-packages/django/template/base.py", line 1005, in <listcomp>
    return SafeString("".join([node.render_annotated(context) for node in self]))
  File "/Users/arnavgupta/Desktop/itl/Django-School-Management-System-master/my-env/lib/python3.9/site-packages/django/template/base.py", line 966, in render_annotated
    return self.render(context)
  File "/Users/arnavgupta/Desktop/itl/Django-School-Management-System-master/my-env/lib/python3.9/site-packages/django/template/loader_tags.py", line 63, in render
    result = block.nodelist.render(context)
  File "/Users/arnavgupta/Desktop/itl/Django-School-Management-System-master/my-env/lib/python3.9/site-packages/django/template/base.py", line 1005, in render
    return SafeString("".join([node.render_annotated(context) for node in self]))
  File "/Users/arnavgupta/Desktop/itl/Django-School-Management-System-master/my-env/lib/python3.9/site-packages/django/template/base.py", line 1005, in <listcomp>
    return SafeString("".join([node.render_annotated(context) for node in self]))
  File "/Users/arnavgupta/Desktop/itl/Django-School-Management-System-master/my-env/lib/python3.9/site-packages/django/template/base.py", line 966, in render_annotated
    return self.render(context)
  File "/Users/arnavgupta/Desktop/itl/Django-School-Management-System-master/my-env/lib/python3.9/site-packages/django/template/defaulttags.py", line 471, in render
    url = reverse(view_name, args=args, kwargs=kwargs, current_app=current_app)
  File "/Users/arnavgupta/Desktop/itl/Django-School-Management-System-master/my-env/lib/python3.9/site-packages/django/urls/base.py", line 88, in reverse
    return resolver._reverse_with_prefix(view, prefix, *args, **kwargs)
  File "/Users/arnavgupta/Desktop/itl/Django-School-Management-System-master/my-env/lib/python3.9/site-packages/django/urls/resolvers.py", line 828, in _reverse_with_prefix
    raise NoReverseMatch(msg)
django.urls.exceptions.NoReverseMatch: Reverse for 'staff-delete' with arguments '('',)' not found. 1 pattern(s) tried: ['staff/(?P<pk>[0-9]+)/delete/\\Z']
ERROR 2024-03-31 13:23:28,235 "GET /staff/22/ HTTP/1.1" 500 190567
ERROR 2024-03-31 13:23:30,261 Internal Server Error: /staff/22/
Traceback (most recent call last):
  File "/Users/arnavgupta/Desktop/itl/Django-School-Management-System-master/my-env/lib/python3.9/site-packages/django/core/handlers/exception.py", line 55, in inner
    response = get_response(request)
  File "/Users/arnavgupta/Desktop/itl/Django-School-Management-System-master/my-env/lib/python3.9/site-packages/django/core/handlers/base.py", line 220, in _get_response
    response = response.render()
  File "/Users/arnavgupta/Desktop/itl/Django-School-Management-System-master/my-env/lib/python3.9/site-packages/django/template/response.py", line 114, in render
    self.content = self.rendered_content
  File "/Users/arnavgupta/Desktop/itl/Django-School-Management-System-master/my-env/lib/python3.9/site-packages/django/template/response.py", line 92, in rendered_content
    return template.render(context, self._request)
  File "/Users/arnavgupta/Desktop/itl/Django-School-Management-System-master/my-env/lib/python3.9/site-packages/django/template/backends/django.py", line 61, in render
    return self.template.render(context)
  File "/Users/arnavgupta/Desktop/itl/Django-School-Management-System-master/my-env/lib/python3.9/site-packages/django/template/base.py", line 175, in render
    return self._render(context)
  File "/Users/arnavgupta/Desktop/itl/Django-School-Management-System-master/my-env/lib/python3.9/site-packages/django/template/base.py", line 167, in _render
    return self.nodelist.render(context)
  File "/Users/arnavgupta/Desktop/itl/Django-School-Management-System-master/my-env/lib/python3.9/site-packages/django/template/base.py", line 1005, in render
    return SafeString("".join([node.render_annotated(context) for node in self]))
  File "/Users/arnavgupta/Desktop/itl/Django-School-Management-System-master/my-env/lib/python3.9/site-packages/django/template/base.py", line 1005, in <listcomp>
    return SafeString("".join([node.render_annotated(context) for node in self]))
  File "/Users/arnavgupta/Desktop/itl/Django-School-Management-System-master/my-env/lib/python3.9/site-packages/django/template/base.py", line 966, in render_annotated
    return self.render(context)
  File "/Users/arnavgupta/Desktop/itl/Django-School-Management-System-master/my-env/lib/python3.9/site-packages/django/template/loader_tags.py", line 157, in render
    return compiled_parent._render(context)
  File "/Users/arnavgupta/Desktop/itl/Django-School-Management-System-master/my-env/lib/python3.9/site-packages/django/template/base.py", line 167, in _render
    return self.nodelist.render(context)
  File "/Users/arnavgupta/Desktop/itl/Django-School-Management-System-master/my-env/lib/python3.9/site-packages/django/template/base.py", line 1005, in render
    return SafeString("".join([node.render_annotated(context) for node in self]))
  File "/Users/arnavgupta/Desktop/itl/Django-School-Management-System-master/my-env/lib/python3.9/site-packages/django/template/base.py", line 1005, in <listcomp>
    return SafeString("".join([node.render_annotated(context) for node in self]))
  File "/Users/arnavgupta/Desktop/itl/Django-School-Management-System-master/my-env/lib/python3.9/site-packages/django/template/base.py", line 966, in render_annotated
    return self.render(context)
  File "/Users/arnavgupta/Desktop/itl/Django-School-Management-System-master/my-env/lib/python3.9/site-packages/django/template/loader_tags.py", line 63, in render
    result = block.nodelist.render(context)
  File "/Users/arnavgupta/Desktop/itl/Django-School-Management-System-master/my-env/lib/python3.9/site-packages/django/template/base.py", line 1005, in render
    return SafeString("".join([node.render_annotated(context) for node in self]))
  File "/Users/arnavgupta/Desktop/itl/Django-School-Management-System-master/my-env/lib/python3.9/site-packages/django/template/base.py", line 1005, in <listcomp>
    return SafeString("".join([node.render_annotated(context) for node in self]))
  File "/Users/arnavgupta/Desktop/itl/Django-School-Management-System-master/my-env/lib/python3.9/site-packages/django/template/base.py", line 966, in render_annotated
    return self.render(context)
  File "/Users/arnavgupta/Desktop/itl/Django-School-Management-System-master/my-env/lib/python3.9/site-packages/django/template/loader_tags.py", line 63, in render
    result = block.nodelist.render(context)
  File "/Users/arnavgupta/Desktop/itl/Django-School-Management-System-master/my-env/lib/python3.9/site-packages/django/template/base.py", line 1005, in render
    return SafeString("".join([node.render_annotated(context) for node in self]))
  File "/Users/arnavgupta/Desktop/itl/Django-School-Management-System-master/my-env/lib/python3.9/site-packages/django/template/base.py", line 1005, in <listcomp>
    return SafeString("".join([node.render_annotated(context) for node in self]))
  File "/Users/arnavgupta/Desktop/itl/Django-School-Management-System-master/my-env/lib/python3.9/site-packages/django/template/base.py", line 966, in render_annotated
    return self.render(context)
  File "/Users/arnavgupta/Desktop/itl/Django-School-Management-System-master/my-env/lib/python3.9/site-packages/django/template/defaulttags.py", line 471, in render
    url = reverse(view_name, args=args, kwargs=kwargs, current_app=current_app)
  File "/Users/arnavgupta/Desktop/itl/Django-School-Management-System-master/my-env/lib/python3.9/site-packages/django/urls/base.py", line 88, in reverse
    return resolver._reverse_with_prefix(view, prefix, *args, **kwargs)
  File "/Users/arnavgupta/Desktop/itl/Django-School-Management-System-master/my-env/lib/python3.9/site-packages/django/urls/resolvers.py", line 828, in _reverse_with_prefix
    raise NoReverseMatch(msg)
django.urls.exceptions.NoReverseMatch: Reverse for 'staff-delete' with arguments '('',)' not found. 1 pattern(s) tried: ['staff/(?P<pk>[0-9]+)/delete/\\Z']
ERROR 2024-03-31 13:23:30,262 "GET /staff/22/ HTTP/1.1" 500 190567
INFO 2024-03-31 13:23:44,938 "GET /staff/22/ HTTP/1.1" 200 10217
INFO 2024-03-31 13:23:47,828 "GET /staff/22/delete/ HTTP/1.1" 200 8996
INFO 2024-03-31 13:23:49,533 "GET /staff/list/ HTTP/1.1" 200 9562
INFO 2024-03-31 13:23:52,422 "GET /subject/list/ HTTP/1.1" 200 10853
INFO 2024-03-31 13:23:57,160 "POST /subject/create/ HTTP/1.1" 200 9316
INFO 2024-03-31 13:24:01,032 "POST /subject/create/ HTTP/1.1" 302 0
INFO 2024-03-31 13:24:01,068 "GET /subject/list/ HTTP/1.1" 200 11213
INFO 2024-03-31 13:26:19,793 /Users/arnavgupta/Desktop/itl/Django-School-Management-System-master/apps/corecode/views.py changed, reloading.
INFO 2024-03-31 13:26:20,986 Watching for file changes with StatReloader
INFO 2024-03-31 13:26:22,363 "GET /subject/list/ HTTP/1.1" 200 11068
INFO 2024-03-31 13:28:43,484 "GET /subject/list/ HTTP/1.1" 200 11068
INFO 2024-03-31 13:29:47,838 /Users/arnavgupta/Desktop/itl/Django-School-Management-System-master/apps/corecode/views.py changed, reloading.
INFO 2024-03-31 13:29:49,209 Watching for file changes with StatReloader
INFO 2024-03-31 13:29:49,652 "GET /subject/list/ HTTP/1.1" 200 11068
INFO 2024-03-31 13:29:59,843 /Users/arnavgupta/Desktop/itl/Django-School-Management-System-master/apps/corecode/views.py changed, reloading.
INFO 2024-03-31 13:30:00,708 Watching for file changes with StatReloader
INFO 2024-03-31 13:30:07,341 /Users/arnavgupta/Desktop/itl/Django-School-Management-System-master/apps/corecode/views.py changed, reloading.
INFO 2024-03-31 13:30:08,049 Watching for file changes with StatReloader
INFO 2024-03-31 13:31:38,769 /Users/arnavgupta/Desktop/itl/Django-School-Management-System-master/apps/corecode/views.py changed, reloading.
INFO 2024-03-31 13:31:39,836 Watching for file changes with StatReloader
WARNING 2024-03-31 13:31:55,578 "GET /static/plugins/Datatables/pdfmake.min.js.map HTTP/1.1" 404 1870
INFO 2024-03-31 13:31:58,628 "GET /subject/list/ HTTP/1.1" 200 11068
WARNING 2024-03-31 13:31:59,437 "GET /static/plugins/Datatables/pdfmake.min.js.map HTTP/1.1" 404 1870
INFO 2024-03-31 13:36:43,302 "GET / HTTP/1.1" 200 8702
INFO 2024-03-31 13:37:13,047 "GET /student/list HTTP/1.1" 200 9358
INFO 2024-03-31 13:37:14,700 "GET /student/upload/ HTTP/1.1" 200 9413
INFO 2024-03-31 13:37:16,106 "GET /student/list HTTP/1.1" 200 9358
INFO 2024-03-31 13:37:17,613 "GET /student/create/ HTTP/1.1" 200 13024
INFO 2024-03-31 13:37:21,144 "GET /student/list HTTP/1.1" 200 9358
INFO 2024-03-31 13:37:24,236 "GET /subject/list/ HTTP/1.1" 200 11068
INFO 2024-03-31 13:37:33,338 "GET /staff/list/ HTTP/1.1" 200 9562
INFO 2024-03-31 13:37:35,675 "GET /staff/create/ HTTP/1.1" 200 12263
INFO 2024-03-31 13:37:40,257 "GET /subject/list/ HTTP/1.1" 200 11068
INFO 2024-03-31 13:38:29,813 "GET /subject/list/ HTTP/1.1" 200 11068
INFO 2024-03-31 13:38:33,359 "GET /finance/list/ HTTP/1.1" 200 9337
INFO 2024-03-31 13:38:37,835 "GET /student/list HTTP/1.1" 200 9358
INFO 2024-03-31 13:38:39,295 "GET /student/create/ HTTP/1.1" 200 13024
INFO 2024-03-31 13:38:40,871 "GET /student/list HTTP/1.1" 200 9358
INFO 2024-03-31 13:38:42,064 "GET /student/create/ HTTP/1.1" 200 13024
INFO 2024-03-31 13:38:50,974 "POST /student/create/ HTTP/1.1" 302 0
INFO 2024-03-31 13:38:51,013 "GET /student/1/ HTTP/1.1" 200 10666
INFO 2024-03-31 13:38:51,181 "GET /static/dist/img/avatar.png HTTP/1.1" 200 8543
INFO 2024-03-31 13:38:53,755 "GET /student/list HTTP/1.1" 200 9634
INFO 2024-03-31 13:39:15,588 "GET /staff/list/ HTTP/1.1" 200 9562
INFO 2024-03-31 13:39:24,434 "GET /student/list HTTP/1.1" 200 9634
INFO 2024-03-31 13:39:27,461 "GET /student/create/ HTTP/1.1" 200 13024
INFO 2024-03-31 13:39:44,405 "POST /student/create/ HTTP/1.1" 302 0
INFO 2024-03-31 13:39:44,453 "GET /student/2/ HTTP/1.1" 200 10652
INFO 2024-03-31 13:39:46,304 "GET /student/list HTTP/1.1" 200 9903
INFO 2024-03-31 13:40:13,933 "GET /subject/list/ HTTP/1.1" 200 11068
INFO 2024-03-31 13:40:21,967 "GET /student/list HTTP/1.1" 200 9903
INFO 2024-03-31 13:40:28,590 "GET /staff/list/ HTTP/1.1" 200 9562
INFO 2024-03-31 13:40:36,938 "GET /subject/list/ HTTP/1.1" 200 11068
INFO 2024-03-31 13:40:44,034 "GET /subject/list/ HTTP/1.1" 200 11068
INFO 2024-03-31 13:40:59,541 "GET /finance/list/ HTTP/1.1" 200 9337
INFO 2024-03-31 13:41:01,712 "GET /class/list/ HTTP/1.1" 200 10822
INFO 2024-03-31 13:41:04,085 "GET /finance/list/ HTTP/1.1" 200 9337
INFO 2024-03-31 13:41:05,229 "GET /staff/list/ HTTP/1.1" 200 9562
INFO 2024-03-31 13:41:07,019 "GET /subject/list/ HTTP/1.1" 200 11068
INFO 2024-03-31 13:41:45,368 "GET /subject/list/ HTTP/1.1" 200 11068
